{"numTotalTestSuites":177,"numPassedTestSuites":156,"numFailedTestSuites":21,"numPendingTestSuites":0,"numTotalTests":501,"numPassedTests":477,"numFailedTests":17,"numPendingTests":7,"numTodoTests":0,"snapshot":{"added":0,"failure":false,"filesAdded":0,"filesRemoved":0,"filesRemovedList":[],"filesUnmatched":0,"filesUpdated":0,"matched":0,"total":0,"unchecked":0,"uncheckedKeysByFile":[],"unmatched":0,"updated":0,"didUpdate":false},"startTime":1785341208864,"success":false,"testResults":[{"assertionResults":[{"ancestorTitles":["fetchBLSSeries"],"fullName":"fetchBLSSeries returns null when API key is missing","status":"passed","title":"returns null when API key is missing","duration":9.173600000000079,"failureMessages":[],"meta":{},"tags":[]},{"ancestorTitles":["fetchBLSSeries"],"fullName":"fetchBLSSeries returns parsed series data on success","status":"passed","title":"returns parsed series data on success","duration":2.140899999999874,"failureMessages":[],"meta":{},"tags":[]},{"ancestorTitles":["fetchBLSSeries"],"fullName":"fetchBLSSeries returns null on API error status","status":"passed","title":"returns null on API error status","duration":1.6361000000001695,"failureMessages":[],"meta":{},"tags":[]},{"ancestorTitles":["parseSeries"],"fullName":"parseSeries parses raw BLS series into structured data","status":"passed","title":"parses raw BLS series into structured data","duration":3.2907000000000153,"failureMessages":[],"meta":{},"tags":[]},{"ancestorTitles":["parseSeries"],"fullName":"parseSeries handles missing data gracefully","status":"passed","title":"handles missing data gracefully","duration":0.907799999999952,"failureMessages":[],"meta":{},"tags":[]},{"ancestorTitles":["parseSeries"],"fullName":"parseSeries sorts data by date descending","status":"passed","title":"sorts data by date descending","duration":0.8775000000000546,"failureMessages":[],"meta":{},"tags":[]},{"ancestorTitles":["parseSeries"],"fullName":"parseSeries filters out invalid values","status":"passed","title":"filters out invalid values","duration":0.4709000000002561,"failureMessages":[],"meta":{},"tags":[]}],"startTime":1785341230570,"endTime":1785341230589.471,"status":"passed","message":"","name":"C:/Users/kevin/workspace/kyahoofinance032926/server/__tests__/bls.test.js"},{"assertionResults":[{"ancestorTitles":["Bonds Route"],"fullName":"Bonds Route serves from daily cache if present","status":"passed","title":"serves from daily cache if present","duration":8.644900000000234,"failureMessages":[],"meta":{},"tags":[]},{"ancestorTitles":["Bonds Route"],"fullName":"Bonds Route uses latest cache fallback when API calls fail","status":"passed","title":"uses latest cache fallback when API calls fail","duration":7.599299999999857,"failureMessages":[],"meta":{},"tags":[]}],"startTime":1785341230756,"endTime":1785341230772.5994,"status":"passed","message":"","name":"C:/Users/kevin/workspace/kyahoofinance032926/server/__tests__/bonds.test.js"},{"assertionResults":[{"ancestorTitles":["Calendar economic calendar data fetching"],"fullName":"Calendar economic calendar data fetching builds economic events from FRED release dates and series observations","status":"passed","title":"builds economic events from FRED release dates and series observations","duration":573.7863000000002,"failureMessages":[],"meta":{},"tags":[]},{"ancestorTitles":["Calendar economic calendar data fetching"],"fullName":"Calendar economic calendar data fetching filters releases to major IDs and date range","status":"passed","title":"filters releases to major IDs and date range","duration":3.9112999999997555,"failureMessages":[],"meta":{},"tags":[]},{"ancestorTitles":["Calendar economic calendar data fetching"],"fullName":"Calendar economic calendar data fetching includes lastPrint/previous from series observations (upcoming have no actual)","status":"passed","title":"includes lastPrint/previous from series observations (upcoming have no actual)","duration":2.782799999999952,"failureMessages":[],"meta":{},"tags":[]},{"ancestorTitles":["Calendar economic calendar data fetching"],"fullName":"Calendar economic calendar data fetching returns empty economic events when FRED_API_KEY is missing","status":"passed","title":"returns empty economic events when FRED_API_KEY is missing","duration":1.7922000000003209,"failureMessages":[],"meta":{},"tags":[]}],"startTime":1785341218118,"endTime":1785341218699.7922,"status":"passed","message":"","name":"C:/Users/kevin/workspace/kyahoofinance032926/server/__tests__/calendar.test.js"},{"assertionResults":[{"ancestorTitles":["Commodities Route"],"fullName":"Commodities Route serves from daily cache if present","status":"passed","title":"serves from daily cache if present","duration":8.77679999999964,"failureMessages":[],"meta":{},"tags":[]},{"ancestorTitles":["Commodities Route"],"fullName":"Commodities Route uses latest cache fallback when API calls fail","status":"passed","title":"uses latest cache fallback when API calls fail","duration":6.515300000000025,"failureMessages":[],"meta":{},"tags":[]}],"startTime":1785341231199,"endTime":1785341231214.5154,"status":"passed","message":"","name":"C:/Users/kevin/workspace/kyahoofinance032926/server/__tests__/commodities.test.js"},{"assertionResults":[{"ancestorTitles":["Credit Route"],"fullName":"Credit Route serves from daily cache if present","status":"passed","title":"serves from daily cache if present","duration":9.606300000000374,"failureMessages":[],"meta":{},"tags":[]},{"ancestorTitles":["Credit Route"],"fullName":"Credit Route uses latest cache fallback when API calls fail","status":"passed","title":"uses latest cache fallback when API calls fail","duration":9.666600000000017,"failureMessages":[],"meta":{},"tags":[]}],"startTime":1785341230425,"endTime":1785341230444.6665,"status":"passed","message":"","name":"C:/Users/kevin/workspace/kyahoofinance032926/server/__tests__/credit.test.js"},{"assertionResults":[{"ancestorTitles":["API data density (live)"],"fullName":"API data density (live) credit: spreads + default rates + CP","status":"skipped","title":"credit: spreads + default rates + CP","duration":4.367700000000241,"failureMessages":[],"meta":{},"tags":[]},{"ancestorTitles":["API data density (live)"],"fullName":"API data density (live) sentiment: F&G indicators + risk flat fields + FSI","status":"skipped","title":"sentiment: F&G indicators + risk flat fields + FSI","duration":0.986699999999928,"failureMessages":[],"meta":{},"tags":[]},{"ancestorTitles":["API data density (live)"],"fullName":"API data density (live) calendar: events with prints, CB rates, earnings caps","status":"skipped","title":"calendar: events with prints, CB rates, earnings caps","duration":0.6822999999999411,"failureMessages":[],"meta":{},"tags":[]},{"ancestorTitles":["API data density (live)"],"fullName":"API data density (live) cleveland nowcast: distinct mom + yoy","status":"skipped","title":"cleveland nowcast: distinct mom + yoy","duration":0.5762999999997191,"failureMessages":[],"meta":{},"tags":[]},{"ancestorTitles":["API data density (live)"],"fullName":"API data density (live) commodities v2: precious futures prices","status":"skipped","title":"commodities v2: precious futures prices","duration":0.5235999999999876,"failureMessages":[],"meta":{},"tags":[]},{"ancestorTitles":["API data density (live)"],"fullName":"API data density (live) insurance: cat spreads + no hollow reinsurance rows","status":"skipped","title":"insurance: cat spreads + no hollow reinsurance rows","duration":0.5640000000003056,"failureMessages":[],"meta":{},"tags":[]},{"ancestorTitles":["API data density (live)"],"fullName":"API data density (live) derivatives: skew + vix term without empty shells","status":"skipped","title":"derivatives: skew + vix term without empty shells","duration":0.5039000000001579,"failureMessages":[],"meta":{},"tags":[]}],"startTime":1785341208864,"endTime":1785341208864,"status":"passed","message":"","name":"C:/Users/kevin/workspace/kyahoofinance032926/server/__tests__/dataDensity.test.js"},{"assertionResults":[{"ancestorTitles":["dataHygiene"],"fullName":"dataHygiene omitNullFields drops null/undefined/empty string","status":"passed","title":"omitNullFields drops null/undefined/empty string","duration":3.4953999999997905,"failureMessages":[],"meta":{},"tags":[]},{"ancestorTitles":["dataHygiene"],"fullName":"dataHygiene filterRowsWithData keeps rows with required fields","status":"passed","title":"filterRowsWithData keeps rows with required fields","duration":0.5065999999997075,"failureMessages":[],"meta":{},"tags":[]},{"ancestorTitles":["dataHygiene"],"fullName":"dataHygiene sanitizeMarketPayload strips null credit loan shells","status":"passed","title":"sanitizeMarketPayload strips null credit loan shells","duration":2.2176000000004024,"failureMessages":[],"meta":{},"tags":[]},{"ancestorTitles":["dataHygiene"],"fullName":"dataHygiene sanitizeMarketPayload strips null F&G indicators and risk flats","status":"passed","title":"sanitizeMarketPayload strips null F&G indicators and risk flats","duration":0.7774999999996908,"failureMessages":[],"meta":{},"tags":[]},{"ancestorTitles":["dataHygiene"],"fullName":"dataHygiene sanitizeMarketPayload filters banks without rates","status":"passed","title":"sanitizeMarketPayload filters banks without rates","duration":0.5147000000001754,"failureMessages":[],"meta":{},"tags":[]},{"ancestorTitles":["dataHygiene"],"fullName":"dataHygiene computeIsLive / isHollowField detect empty shells","status":"passed","title":"computeIsLive / isHollowField detect empty shells","duration":0.6858000000001994,"failureMessages":[],"meta":{},"tags":[]}],"startTime":1785341231371,"endTime":1785341231379.6858,"status":"passed","message":"","name":"C:/Users/kevin/workspace/kyahoofinance032926/server/__tests__/dataHygiene.test.js"},{"assertionResults":[{"ancestorTitles":["fetchCOTHistory"],"fullName":"fetchCOTHistory returns null on fetch error","status":"passed","title":"returns null on fetch error","duration":8.15159999999969,"failureMessages":[],"meta":{},"tags":[]},{"ancestorTitles":["fetchCOTHistory"],"fullName":"fetchCOTHistory returns null when no valid data","status":"passed","title":"returns null when no valid data","duration":0.7995999999998276,"failureMessages":[],"meta":{},"tags":[]},{"ancestorTitles":["fetchCOTHistory"],"fullName":"fetchCOTHistory parses CFTC data and computes net positioning","status":"passed","title":"parses CFTC data and computes net positioning","duration":30.6241,"failureMessages":[],"meta":{},"tags":[]},{"ancestorTitles":["fetchCOTHistory"],"fullName":"fetchCOTHistory sorts data by date ascending and limits to 52 weeks","status":"passed","title":"sorts data by date ascending and limits to 52 weeks","duration":3.340299999999843,"failureMessages":[],"meta":{},"tags":[]},{"ancestorTitles":["fetchCOTHistory"],"fullName":"fetchCOTHistory returns null when fewer than 3 currencies have data","status":"passed","title":"returns null when fewer than 3 currencies have data","duration":1.0814000000000306,"failureMessages":[],"meta":{},"tags":[]}],"startTime":1785341229252,"endTime":1785341229296.0813,"status":"passed","message":"","name":"C:/Users/kevin/workspace/kyahoofinance032926/server/__tests__/fxCot.test.js"},{"assertionResults":[{"ancestorTitles":["Global Macro Route"],"fullName":"Global Macro Route serves from daily cache if present","status":"passed","title":"serves from daily cache if present","duration":6.7775000000001455,"failureMessages":[],"meta":{},"tags":[]},{"ancestorTitles":["Global Macro Route"],"fullName":"Global Macro Route uses latest cache fallback when API calls fail","status":"passed","title":"uses latest cache fallback when API calls fail","duration":5.045399999999972,"failureMessages":[],"meta":{},"tags":[]}],"startTime":1785341231406,"endTime":1785341231418.0454,"status":"passed","message":"","name":"C:/Users/kevin/workspace/kyahoofinance032926/server/__tests__/globalMacro.test.js"},{"assertionResults":[{"ancestorTitles":["classifyUpstreamError"],"fullName":"classifyUpstreamError detects rate limits from 429 and message","status":"passed","title":"detects rate limits from 429 and message","duration":2.9439000000002125,"failureMessages":[],"meta":{},"tags":[]},{"ancestorTitles":["classifyUpstreamError"],"fullName":"classifyUpstreamError treats FRED-style 403 as forbidden (retryable)","status":"passed","title":"treats FRED-style 403 as forbidden (retryable)","duration":0.39249999999992724,"failureMessages":[],"meta":{},"tags":[]},{"ancestorTitles":["classifyUpstreamError"],"fullName":"classifyUpstreamError detects timeouts","status":"passed","title":"detects timeouts","duration":0.387000000000171,"failureMessages":[],"meta":{},"tags":[]},{"ancestorTitles":["buildDegradedShell"],"fullName":"buildDegradedShell returns isLive false and degraded flags","status":"passed","title":"returns isLive false and degraded flags","duration":0.599699999999757,"failureMessages":[],"meta":{},"tags":[]},{"ancestorTitles":["sendCachedOrDegradedSync"],"fullName":"sendCachedOrDegradedSync returns 200 with disk cache on rate limit","status":"passed","title":"returns 200 with disk cache on rate limit","duration":1.373199999999997,"failureMessages":[],"meta":{},"tags":[]},{"ancestorTitles":["sendCachedOrDegradedSync"],"fullName":"sendCachedOrDegradedSync marks today disk cache as isCurrent when live refresh fails","status":"passed","title":"marks today disk cache as isCurrent when live refresh fails","duration":0.5893999999998414,"failureMessages":[],"meta":{},"tags":[]},{"ancestorTitles":["sendCachedOrDegradedSync"],"fullName":"sendCachedOrDegradedSync returns 200 degraded shell when no cache exists","status":"passed","title":"returns 200 degraded shell when no cache exists","duration":1.809900000000198,"failureMessages":[],"meta":{},"tags":[]},{"ancestorTitles":["sendCachedOrDegradedSync"],"fullName":"sendCachedOrDegradedSync prefers memory cache when disk is empty","status":"passed","title":"prefers memory cache when disk is empty","duration":0.5608000000001994,"failureMessages":[],"meta":{},"tags":[]},{"ancestorTitles":["sendCachedOrDegraded (async)"],"fullName":"sendCachedOrDegraded (async) never uses non-200 status","status":"passed","title":"never uses non-200 status","duration":0.7898000000000138,"failureMessages":[],"meta":{},"tags":[]}],"startTime":1785341231464,"endTime":1785341231473.7898,"status":"passed","message":"","name":"C:/Users/kevin/workspace/kyahoofinance032926/server/__tests__/marketResponse.test.js"},{"assertionResults":[{"ancestorTitles":["GET /api/panel-routing"],"fullName":"GET /api/panel-routing returns the shared routing registry","status":"passed","title":"returns the shared routing registry","duration":6.580199999999877,"failureMessages":[],"meta":{},"tags":[]},{"ancestorTitles":["GET /api/panel-routing"],"fullName":"GET /api/panel-routing includes every tab market from the registry (except alerts federated)","status":"passed","title":"includes every tab market from the registry (except alerts federated)","duration":1.9784999999997126,"failureMessages":[],"meta":{},"tags":[]},{"ancestorTitles":["routing registry integrity"],"fullName":"routing registry integrity deps arrays only reference known primary paths, aliases, or system routes","status":"passed","title":"deps arrays only reference known primary paths, aliases, or system routes","duration":0.58199999999988,"failureMessages":[],"meta":{},"tags":[]},{"ancestorTitles":["routing registry integrity"],"fullName":"routing registry integrity proxyPaths includes panel-routing and health","status":"passed","title":"proxyPaths includes panel-routing and health","duration":1.121299999999792,"failureMessages":[],"meta":{},"tags":[]}],"startTime":1785341231877,"endTime":1785341231888.1213,"status":"passed","message":"","name":"C:/Users/kevin/workspace/kyahoofinance032926/server/__tests__/panelRouting.test.js"},{"assertionResults":[{"ancestorTitles":["Real Estate Route"],"fullName":"Real Estate Route serves from daily cache if present","status":"passed","title":"serves from daily cache if present","duration":9.986799999999675,"failureMessages":[],"meta":{},"tags":[]},{"ancestorTitles":["Real Estate Route"],"fullName":"Real Estate Route uses latest cache fallback when API calls fail","status":"passed","title":"uses latest cache fallback when API calls fail","duration":480.73030000000017,"failureMessages":[],"meta":{},"tags":[]}],"startTime":1785341220005,"endTime":1785341220495.7302,"status":"passed","message":"","name":"C:/Users/kevin/workspace/kyahoofinance032926/server/__tests__/realEstate.test.js"},{"assertionResults":[{"ancestorTitles":["worldbank scorecard data"],"fullName":"worldbank scorecard data getLatest extracts most recent year with value","status":"passed","title":"getLatest extracts most recent year with value","duration":1.9238000000000284,"failureMessages":[],"meta":{},"tags":[]},{"ancestorTitles":["worldbank scorecard data"],"fullName":"worldbank scorecard data getPrevLatest extracts previous year from latest","status":"passed","title":"getPrevLatest extracts previous year from latest","duration":0.28159999999979846,"failureMessages":[],"meta":{},"tags":[]},{"ancestorTitles":["worldbank scorecard data"],"fullName":"worldbank scorecard data getLatest handles missing data gracefully","status":"passed","title":"getLatest handles missing data gracefully","duration":0.20620000000008076,"failureMessages":[],"meta":{},"tags":[]},{"ancestorTitles":["worldbank scorecard data"],"fullName":"worldbank scorecard data getPrevLatest handles missing data gracefully","status":"passed","title":"getPrevLatest handles missing data gracefully","duration":0.1594000000000051,"failureMessages":[],"meta":{},"tags":[]},{"ancestorTitles":["worldbank scorecard data"],"fullName":"worldbank scorecard data getLatest skips null values","status":"passed","title":"getLatest skips null values","duration":0.191899999999805,"failureMessages":[],"meta":{},"tags":[]}],"startTime":1785341232124,"endTime":1785341232127.2063,"status":"passed","message":"","name":"C:/Users/kevin/workspace/kyahoofinance032926/server/__tests__/worldbank.test.js"},{"assertionResults":[{"ancestorTitles":["AnalyticsMarket API usage metrics"],"fullName":"AnalyticsMarket API usage metrics renders analytics market successfully","status":"passed","title":"renders analytics market successfully","duration":502.25329999999985,"failureMessages":[],"meta":{},"tags":[]},{"ancestorTitles":["AnalyticsMarket API usage metrics"],"fullName":"AnalyticsMarket API usage metrics displays uptime stats","status":"passed","title":"displays uptime stats","duration":215.5698000000002,"failureMessages":[],"meta":{},"tags":[]},{"ancestorTitles":["AnalyticsMarket API usage metrics"],"fullName":"AnalyticsMarket API usage metrics shows heap memory stats","status":"passed","title":"shows heap memory stats","duration":185.42259999999987,"failureMessages":[],"meta":{},"tags":[]},{"ancestorTitles":["AnalyticsMarket API usage metrics"],"fullName":"AnalyticsMarket API usage metrics displays server info","status":"passed","title":"displays server info","duration":177.6804000000002,"failureMessages":[],"meta":{},"tags":[]}],"startTime":1785341216809,"endTime":1785341217889.6804,"status":"passed","message":"","name":"C:/Users/kevin/workspace/kyahoofinance032926/src/__tests__/AnalyticsMarket.test.jsx"},{"assertionResults":[{"ancestorTitles":["shared/api-routing.json registry"],"fullName":"shared/api-routing.json registry has a version and non-empty tab markets","status":"passed","title":"has a version and non-empty tab markets","duration":5.395400000000336,"failureMessages":[],"meta":{},"tags":[]},{"ancestorTitles":["shared/api-routing.json registry"],"fullName":"shared/api-routing.json registry exports MARKET_ENDPOINTS for every non-federated tab market","status":"passed","title":"exports MARKET_ENDPOINTS for every non-federated tab market","duration":2.327600000000075,"failureMessages":[],"meta":{},"tags":[]},{"ancestorTitles":["shared/api-routing.json registry"],"fullName":"shared/api-routing.json registry every market primary is unique","status":"passed","title":"every market primary is unique","duration":0.522099999999682,"failureMessages":[],"meta":{},"tags":[]},{"ancestorTitles":["shared/api-routing.json registry"],"fullName":"shared/api-routing.json registry ALL_FETCH_IDS includes every registry market","status":"passed","title":"ALL_FETCH_IDS includes every registry market","duration":3.9466999999999643,"failureMessages":[],"meta":{},"tags":[]},{"ancestorTitles":["shared/api-routing.json registry"],"fullName":"shared/api-routing.json registry getMarketFetchPlan returns primary + deps without duplicates","status":"passed","title":"getMarketFetchPlan returns primary + deps without duplicates","duration":0.6846000000000458,"failureMessages":[],"meta":{},"tags":[]},{"ancestorTitles":["shared/api-routing.json registry"],"fullName":"shared/api-routing.json registry marketIdForPath resolves primaries and aliases","status":"passed","title":"marketIdForPath resolves primaries and aliases","duration":0.73700000000008,"failureMessages":[],"meta":{},"tags":[]},{"ancestorTitles":["shared/api-routing.json registry"],"fullName":"shared/api-routing.json registry proxy path list covers every primary endpoint","status":"passed","title":"proxy path list covers every primary endpoint","duration":2.112799999999879,"failureMessages":[],"meta":{},"tags":[]},{"ancestorTitles":["panel registry Γåö API routing coverage"],"fullName":"panel registry Γåö API routing coverage every marketPanels.js tab has a routing entry (except alerts)","status":"passed","title":"every marketPanels.js tab has a routing entry (except alerts)","duration":1.7400000000002365,"failureMessages":[],"meta":{},"tags":[]},{"ancestorTitles":["panel registry Γåö API routing coverage"],"fullName":"panel registry Γåö API routing coverage getAllRequiredApiPaths includes health endpoints","status":"passed","title":"getAllRequiredApiPaths includes health endpoints","duration":0.9977999999996428,"failureMessages":[],"meta":{},"tags":[]},{"ancestorTitles":["server mount Γåö registry parity"],"fullName":"server mount Γåö registry parity every non-nested primary has an Express app.use mount or inline route","status":"passed","title":"every non-nested primary has an Express app.use mount or inline route","duration":3.128899999999703,"failureMessages":[],"meta":{},"tags":[]},{"ancestorTitles":["server mount Γåö registry parity"],"fullName":"server mount Γåö registry parity panel-routing diagnostic route is mounted","status":"passed","title":"panel-routing diagnostic route is mounted","duration":0.711699999999837,"failureMessages":[],"meta":{},"tags":[]}],"startTime":1785341229543,"endTime":1785341229566.7117,"status":"passed","message":"","name":"C:/Users/kevin/workspace/kyahoofinance032926/src/__tests__/apiRoutingRegistry.test.js"},{"assertionResults":[{"ancestorTitles":["exchangeRates"],"fullName":"exchangeRates USD rate is exactly 1","status":"passed","title":"USD rate is exactly 1","duration":4.633600000000115,"failureMessages":[],"meta":{},"tags":[]},{"ancestorTitles":["exchangeRates"],"fullName":"exchangeRates all rates are positive finite numbers","status":"passed","title":"all rates are positive finite numbers","duration":5.508600000000115,"failureMessages":[],"meta":{},"tags":[]},{"ancestorTitles":["exchangeRates"],"fullName":"exchangeRates contains major world currencies","status":"passed","title":"contains major world currencies","duration":0.8820000000000618,"failureMessages":[],"meta":{},"tags":[]},{"ancestorTitles":["exchangeRates"],"fullName":"exchangeRates JPY rate is significantly greater than 1 (weak currency)","status":"passed","title":"JPY rate is significantly greater than 1 (weak currency)","duration":0.32290000000011787,"failureMessages":[],"meta":{},"tags":[]},{"ancestorTitles":["exchangeRates"],"fullName":"exchangeRates KWD rate is less than 1 (strong currency)","status":"passed","title":"KWD rate is less than 1 (strong currency)","duration":0.313600000000406,"failureMessages":[],"meta":{},"tags":[]},{"ancestorTitles":["REGION_SUFFIX"],"fullName":"REGION_SUFFIX all values are strings","status":"passed","title":"all values are strings","duration":1.2872000000002117,"failureMessages":[],"meta":{},"tags":[]},{"ancestorTitles":["REGION_SUFFIX"],"fullName":"REGION_SUFFIX Crypto exchange suffix is empty string","status":"passed","title":"Crypto exchange suffix is empty string","duration":0.26119999999991705,"failureMessages":[],"meta":{},"tags":[]},{"ancestorTitles":["REGION_SUFFIX"],"fullName":"REGION_SUFFIX contains major exchanges","status":"passed","title":"contains major exchanges","duration":0.4228000000002794,"failureMessages":[],"meta":{},"tags":[]},{"ancestorTitles":["REGION_SUFFIX"],"fullName":"REGION_SUFFIX no suffix values are null or undefined","status":"passed","title":"no suffix values are null or undefined","duration":3.0950000000002547,"failureMessages":[],"meta":{},"tags":[]},{"ancestorTitles":["currencySymbols"],"fullName":"currencySymbols USD symbol is $","status":"passed","title":"USD symbol is $","duration":0.45000000000027285,"failureMessages":[],"meta":{},"tags":[]},{"ancestorTitles":["currencySymbols"],"fullName":"currencySymbols EUR symbol is Γé¼","status":"passed","title":"EUR symbol is Γé¼","duration":0.24610000000029686,"failureMessages":[],"meta":{},"tags":[]},{"ancestorTitles":["currencySymbols"],"fullName":"currencySymbols all values are non-empty strings","status":"passed","title":"all values are non-empty strings","duration":3.0914999999999964,"failureMessages":[],"meta":{},"tags":[]},{"ancestorTitles":["currencySymbols"],"fullName":"currencySymbols covers all currencies in exchangeRates","status":"passed","title":"covers all currencies in exchangeRates","duration":1.6481000000003405,"failureMessages":[],"meta":{},"tags":[]}],"startTime":1785341229487,"endTime":1785341229509.6482,"status":"passed","message":"","name":"C:/Users/kevin/workspace/kyahoofinance032926/src/__tests__/constants.test.js"},{"assertionResults":[{"ancestorTitles":["applyResult keeps real payloads for panel markets"],"fullName":"applyResult keeps real payloads for panel markets keeps bonds payload for panels (not nulled)","status":"passed","title":"keeps bonds payload for panels (not nulled)","duration":8.119499999999789,"failureMessages":[],"meta":{},"tags":[]},{"ancestorTitles":["applyResult keeps real payloads for panel markets"],"fullName":"applyResult keeps real payloads for panel markets keeps crypto payload for panels (not nulled)","status":"passed","title":"keeps crypto payload for panels (not nulled)","duration":1.1759999999999309,"failureMessages":[],"meta":{},"tags":[]},{"ancestorTitles":["applyResult keeps real payloads for panel markets"],"fullName":"applyResult keeps real payloads for panel markets keeps commodities payload for panels (not nulled)","status":"passed","title":"keeps commodities payload for panels (not nulled)","duration":1.2294999999999163,"failureMessages":[],"meta":{},"tags":[]},{"ancestorTitles":["applyResult keeps real payloads for panel markets"],"fullName":"applyResult keeps real payloads for panel markets keeps realEstate payload for panels (not nulled)","status":"passed","title":"keeps realEstate payload for panels (not nulled)","duration":0.8926000000001295,"failureMessages":[],"meta":{},"tags":[]},{"ancestorTitles":["applyResult keeps real payloads for panel markets"],"fullName":"applyResult keeps real payloads for panel markets keeps insurance payload for panels (not nulled)","status":"passed","title":"keeps insurance payload for panels (not nulled)","duration":1.1556000000000495,"failureMessages":[],"meta":{},"tags":[]},{"ancestorTitles":["applyResult keeps real payloads for panel markets"],"fullName":"applyResult keeps real payloads for panel markets keeps globalMacro payload for panels (not nulled)","status":"passed","title":"keeps globalMacro payload for panels (not nulled)","duration":2.530499999999847,"failureMessages":[],"meta":{},"tags":[]},{"ancestorTitles":["applyResult keeps real payloads for panel markets"],"fullName":"applyResult keeps real payloads for panel markets keeps equitiesDeepDive payload for panels (not nulled)","status":"passed","title":"keeps equitiesDeepDive payload for panels (not nulled)","duration":2.6084999999998217,"failureMessages":[],"meta":{},"tags":[]},{"ancestorTitles":["applyResult keeps real payloads for panel markets"],"fullName":"applyResult keeps real payloads for panel markets keeps fx payload for panels (not nulled)","status":"passed","title":"keeps fx payload for panels (not nulled)","duration":0.9696000000003551,"failureMessages":[],"meta":{},"tags":[]},{"ancestorTitles":["applyResult keeps real payloads for panel markets"],"fullName":"applyResult keeps real payloads for panel markets keeps derivatives payload for panels (not nulled)","status":"passed","title":"keeps derivatives payload for panels (not nulled)","duration":0.9774000000002161,"failureMessages":[],"meta":{},"tags":[]},{"ancestorTitles":["applyResult keeps real payloads for panel markets"],"fullName":"applyResult keeps real payloads for panel markets keeps credit payload for panels (not nulled)","status":"passed","title":"keeps credit payload for panels (not nulled)","duration":1.4257000000002336,"failureMessages":[],"meta":{},"tags":[]},{"ancestorTitles":["applyResult keeps real payloads for panel markets"],"fullName":"applyResult keeps real payloads for panel markets keeps sentiment payload for panels (not nulled)","status":"passed","title":"keeps sentiment payload for panels (not nulled)","duration":0.8083000000001448,"failureMessages":[],"meta":{},"tags":[]},{"ancestorTitles":["applyResult keeps real payloads for panel markets"],"fullName":"applyResult keeps real payloads for panel markets keeps calendar payload for panels (not nulled)","status":"passed","title":"keeps calendar payload for panels (not nulled)","duration":1.6667999999999665,"failureMessages":[],"meta":{},"tags":[]},{"ancestorTitles":["applyResult keeps real payloads for panel markets"],"fullName":"applyResult keeps real payloads for panel markets keeps equities payload for panels (not nulled)","status":"passed","title":"keeps equities payload for panels (not nulled)","duration":1.063600000000406,"failureMessages":[],"meta":{},"tags":[]},{"ancestorTitles":["applyResult keeps real payloads for panel markets"],"fullName":"applyResult keeps real payloads for panel markets keeps bls payload for panels (not nulled)","status":"passed","title":"keeps bls payload for panels (not nulled)","duration":0.5440999999996166,"failureMessages":[],"meta":{},"tags":[]},{"ancestorTitles":["applyResult keeps real payloads for panel markets"],"fullName":"applyResult keeps real payloads for panel markets keeps eia payload for panels (not nulled)","status":"passed","title":"keeps eia payload for panels (not nulled)","duration":0.6154999999998836,"failureMessages":[],"meta":{},"tags":[]},{"ancestorTitles":["applyResult keeps real payloads for panel markets"],"fullName":"applyResult keeps real payloads for panel markets hard-fails only on empty objects when no prior data","status":"passed","title":"hard-fails only on empty objects when no prior data","duration":1.7943999999997686,"failureMessages":[],"meta":{},"tags":[]},{"ancestorTitles":["applyResult keeps real payloads for panel markets"],"fullName":"applyResult keeps real payloads for panel markets preserves prior data when a later response is empty","status":"passed","title":"preserves prior data when a later response is empty","duration":2.0617999999999483,"failureMessages":[],"meta":{},"tags":[]},{"ancestorTitles":["applyResult keeps real payloads for panel markets"],"fullName":"applyResult keeps real payloads for panel markets preserves prior data when a fetch network-fails","status":"passed","title":"preserves prior data when a fetch network-fails","duration":0.5432000000000698,"failureMessages":[],"meta":{},"tags":[]},{"ancestorTitles":["MARKET_ENDPOINTS routing surface"],"fullName":"MARKET_ENDPOINTS routing surface includes all tab-critical routes","status":"passed","title":"includes all tab-critical routes","duration":4.340200000000095,"failureMessages":[],"meta":{},"tags":[]},{"ancestorTitles":["MARKET_ENDPOINTS routing surface"],"fullName":"MARKET_ENDPOINTS routing surface commodities points at enhanced endpoint","status":"passed","title":"commodities points at enhanced endpoint","duration":0.25720000000001164,"failureMessages":[],"meta":{},"tags":[]}],"startTime":1785341229485,"endTime":1785341229521.34,"status":"passed","message":"","name":"C:/Users/kevin/workspace/kyahoofinance032926/src/__tests__/dataProviderApplyResult.test.js"},{"assertionResults":[{"ancestorTitles":["hasNonNullData"],"fullName":"hasNonNullData returns false for null / undefined / non-object","status":"passed","title":"returns false for null / undefined / non-object","duration":3.51470000000063,"failureMessages":[],"meta":{},"tags":[]},{"ancestorTitles":["hasNonNullData"],"fullName":"hasNonNullData returns false when fewer than 2 non-null real keys","status":"failed","title":"returns false when fewer than 2 non-null real keys","duration":13.848300000000563,"failureMessages":["AssertionError: expected true to be false // Object.is equality\n    at C:/Users/kevin/workspace/kyahoofinance032926/src/__tests__/dataProviderChaos.test.js:31:38\n    at file:///C:/Users/kevin/workspace/kyahoofinance032926/node_modules/@vitest/runner/dist/chunk-artifact.js:302:11\n    at file:///C:/Users/kevin/workspace/kyahoofinance032926/node_modules/@vitest/runner/dist/chunk-artifact.js:1903:26\n    at file:///C:/Users/kevin/workspace/kyahoofinance032926/node_modules/@vitest/runner/dist/chunk-artifact.js:2326:20\n    at new Promise (<anonymous>)\n    at runWithCancel (file:///C:/Users/kevin/workspace/kyahoofinance032926/node_modules/@vitest/runner/dist/chunk-artifact.js:2323:10)\n    at file:///C:/Users/kevin/workspace/kyahoofinance032926/node_modules/@vitest/runner/dist/chunk-artifact.js:2305:20\n    at new Promise (<anonymous>)\n    at runWithTimeout (file:///C:/Users/kevin/workspace/kyahoofinance032926/node_modules/@vitest/runner/dist/chunk-artifact.js:2272:10)\n    at file:///C:/Users/kevin/workspace/kyahoofinance032926/node_modules/@vitest/runner/dist/chunk-artifact.js:2955:64"],"meta":{},"tags":[]},{"ancestorTitles":["hasNonNullData"],"fullName":"hasNonNullData returns true when 2+ keys carry actual values","status":"passed","title":"returns true when 2+ keys carry actual values","duration":0.531699999999546,"failureMessages":[],"meta":{},"tags":[]},{"ancestorTitles":["hasNonNullData"],"fullName":"hasNonNullData ignores meta keys (lastUpdated/fetchedOn/isLive/isCurrent/_*)","status":"failed","title":"ignores meta keys (lastUpdated/fetchedOn/isLive/isCurrent/_*)","duration":1.5289999999995416,"failureMessages":["AssertionError: expected true to be false // Object.is equality\n    at C:/Users/kevin/workspace/kyahoofinance032926/src/__tests__/dataProviderChaos.test.js:44:9\n    at file:///C:/Users/kevin/workspace/kyahoofinance032926/node_modules/@vitest/runner/dist/chunk-artifact.js:302:11\n    at file:///C:/Users/kevin/workspace/kyahoofinance032926/node_modules/@vitest/runner/dist/chunk-artifact.js:1903:26\n    at file:///C:/Users/kevin/workspace/kyahoofinance032926/node_modules/@vitest/runner/dist/chunk-artifact.js:2326:20\n    at new Promise (<anonymous>)\n    at runWithCancel (file:///C:/Users/kevin/workspace/kyahoofinance032926/node_modules/@vitest/runner/dist/chunk-artifact.js:2323:10)\n    at file:///C:/Users/kevin/workspace/kyahoofinance032926/node_modules/@vitest/runner/dist/chunk-artifact.js:2305:20\n    at new Promise (<anonymous>)\n    at runWithTimeout (file:///C:/Users/kevin/workspace/kyahoofinance032926/node_modules/@vitest/runner/dist/chunk-artifact.js:2272:10)\n    at file:///C:/Users/kevin/workspace/kyahoofinance032926/node_modules/@vitest/runner/dist/chunk-artifact.js:2955:64"],"meta":{},"tags":[]},{"ancestorTitles":["hasNonNullData"],"fullName":"hasNonNullData counts populated nested objects as one key each","status":"failed","title":"counts populated nested objects as one key each","duration":1.345100000000457,"failureMessages":["AssertionError: expected true to be false // Object.is equality\n    at C:/Users/kevin/workspace/kyahoofinance032926/src/__tests__/dataProviderChaos.test.js:49:57\n    at file:///C:/Users/kevin/workspace/kyahoofinance032926/node_modules/@vitest/runner/dist/chunk-artifact.js:302:11\n    at file:///C:/Users/kevin/workspace/kyahoofinance032926/node_modules/@vitest/runner/dist/chunk-artifact.js:1903:26\n    at file:///C:/Users/kevin/workspace/kyahoofinance032926/node_modules/@vitest/runner/dist/chunk-artifact.js:2326:20\n    at new Promise (<anonymous>)\n    at runWithCancel (file:///C:/Users/kevin/workspace/kyahoofinance032926/node_modules/@vitest/runner/dist/chunk-artifact.js:2323:10)\n    at file:///C:/Users/kevin/workspace/kyahoofinance032926/node_modules/@vitest/runner/dist/chunk-artifact.js:2305:20\n    at new Promise (<anonymous>)\n    at runWithTimeout (file:///C:/Users/kevin/workspace/kyahoofinance032926/node_modules/@vitest/runner/dist/chunk-artifact.js:2272:10)\n    at file:///C:/Users/kevin/workspace/kyahoofinance032926/node_modules/@vitest/runner/dist/chunk-artifact.js:2955:64"],"meta":{},"tags":[]},{"ancestorTitles":["hasNonNullData"],"fullName":"hasNonNullData counts non-empty arrays as one key","status":"passed","title":"counts non-empty arrays as one key","duration":0.4852000000000771,"failureMessages":[],"meta":{},"tags":[]},{"ancestorTitles":["passesStructuralGuard"],"fullName":"passesStructuralGuard returns true for unknown markets (no guard registered)","status":"passed","title":"returns true for unknown markets (no guard registered)","duration":0.4458999999997104,"failureMessages":[],"meta":{},"tags":[]},{"ancestorTitles":["passesStructuralGuard"],"fullName":"passesStructuralGuard bonds requires 3+ countries with yield data","status":"passed","title":"bonds requires 3+ countries with yield data","duration":0.5889999999999418,"failureMessages":[],"meta":{},"tags":[]},{"ancestorTitles":["passesStructuralGuard"],"fullName":"passesStructuralGuard commodities requires 2+ COT entries when present","status":"passed","title":"commodities requires 2+ COT entries when present","duration":0.5463999999992666,"failureMessages":[],"meta":{},"tags":[]},{"ancestorTitles":["passesStructuralGuard"],"fullName":"passesStructuralGuard crypto requires 10+ coins","status":"passed","title":"crypto requires 10+ coins","duration":0.6153999999996813,"failureMessages":[],"meta":{},"tags":[]},{"ancestorTitles":["passesStructuralGuard"],"fullName":"passesStructuralGuard calendar passes if any of events / earnings / centralBanks is populated","status":"passed","title":"calendar passes if any of events / earnings / centralBanks is populated","duration":0.8427999999994427,"failureMessages":[],"meta":{},"tags":[]},{"ancestorTitles":["passesStructuralGuard"],"fullName":"passesStructuralGuard accepts sparse-but-valid BLS and Census series snapshots","status":"passed","title":"accepts sparse-but-valid BLS and Census series snapshots","duration":0.41229999999995925,"failureMessages":[],"meta":{},"tags":[]},{"ancestorTitles":["passesStructuralGuard"],"fullName":"passesStructuralGuard does not throw on a guard that errors internally","status":"passed","title":"does not throw on a guard that errors internally","duration":1.9236000000000786,"failureMessages":[],"meta":{},"tags":[]},{"ancestorTitles":["passesStructuralGuard"],"fullName":"passesStructuralGuard every market with an endpoint either has a guard or is permissive by default","status":"passed","title":"every market with an endpoint either has a guard or is permissive by default","duration":7.472399999999652,"failureMessages":[],"meta":{},"tags":[]},{"ancestorTitles":["computeAlerts"],"fullName":"computeAlerts fires VIX spike when value > 30","status":"passed","title":"fires VIX spike when value > 30","duration":1.5119000000004235,"failureMessages":[],"meta":{},"tags":[]},{"ancestorTitles":["computeAlerts"],"fullName":"computeAlerts does NOT fire VIX spike when value Γëñ 30","status":"passed","title":"does NOT fire VIX spike when value Γëñ 30","duration":0.39360000000033324,"failureMessages":[],"meta":{},"tags":[]},{"ancestorTitles":["computeAlerts"],"fullName":"computeAlerts fires curve inversion when 10Y < 2Y","status":"passed","title":"fires curve inversion when 10Y < 2Y","duration":0.6226999999998952,"failureMessages":[],"meta":{},"tags":[]},{"ancestorTitles":["computeAlerts"],"fullName":"computeAlerts fires extreme fear at F&G < 25","status":"passed","title":"fires extreme fear at F&G < 25","duration":0.4252999999998792,"failureMessages":[],"meta":{},"tags":[]},{"ancestorTitles":["computeAlerts"],"fullName":"computeAlerts honors disabledRuleIds","status":"passed","title":"honors disabledRuleIds","duration":0.3047999999998865,"failureMessages":[],"meta":{},"tags":[]},{"ancestorTitles":["computeAlerts"],"fullName":"computeAlerts sorts alerts by severity (high ΓåÆ medium ΓåÆ low)","status":"passed","title":"sorts alerts by severity (high ΓåÆ medium ΓåÆ low)","duration":0.5969999999997526,"failureMessages":[],"meta":{},"tags":[]},{"ancestorTitles":["computeFreshnessReport (regression: was bitshift bug)"],"fullName":"computeFreshnessReport (regression: was bitshift bug) marks <15min as fresh","status":"passed","title":"marks <15min as fresh","duration":0.8035999999992782,"failureMessages":[],"meta":{},"tags":[]},{"ancestorTitles":["computeFreshnessReport (regression: was bitshift bug)"],"fullName":"computeFreshnessReport (regression: was bitshift bug) marks 15-60min as stale","status":"passed","title":"marks 15-60min as stale","duration":0.2003999999997177,"failureMessages":[],"meta":{},"tags":[]},{"ancestorTitles":["computeFreshnessReport (regression: was bitshift bug)"],"fullName":"computeFreshnessReport (regression: was bitshift bug) marks >60min as outdated","status":"passed","title":"marks >60min as outdated","duration":0.22379999999975553,"failureMessages":[],"meta":{},"tags":[]},{"ancestorTitles":["computeFreshnessReport (regression: was bitshift bug)"],"fullName":"computeFreshnessReport (regression: was bitshift bug) marks never-fetched markets as outdated with Infinity age","status":"passed","title":"marks never-fetched markets as outdated with Infinity age","duration":0.282799999999952,"failureMessages":[],"meta":{},"tags":[]},{"ancestorTitles":["computeFreshnessReport (regression: was bitshift bug)"],"fullName":"computeFreshnessReport (regression: was bitshift bug) reports for every endpoint in MARKET_ENDPOINTS","status":"passed","title":"reports for every endpoint in MARKET_ENDPOINTS","duration":2.1378999999997177,"failureMessages":[],"meta":{},"tags":[]},{"ancestorTitles":["computeFreshnessReport (regression: was bitshift bug)"],"fullName":"computeFreshnessReport (regression: was bitshift bug) regression: never reports everything as fresh (the `<<` bug)","status":"passed","title":"regression: never reports everything as fresh (the `<<` bug)","duration":0.3589000000001761,"failureMessages":[],"meta":{},"tags":[]},{"ancestorTitles":["STRUCTURAL_GUARDS coverage"],"fullName":"STRUCTURAL_GUARDS coverage every guard handles unexpected shapes without throwing","status":"passed","title":"every guard handles unexpected shapes without throwing","duration":4.293000000000575,"failureMessages":[],"meta":{},"tags":[]}],"startTime":1785341213552,"endTime":1785341213599.293,"status":"failed","message":"","name":"C:/Users/kevin/workspace/kyahoofinance032926/src/__tests__/dataProviderChaos.test.js"},{"assertionResults":[{"ancestorTitles":["endpoint registry parity"],"fullName":"endpoint registry parity MARKET_ENDPOINTS keys match ALL_FETCH_IDS","status":"passed","title":"MARKET_ENDPOINTS keys match ALL_FETCH_IDS","duration":2.8402000000000953,"failureMessages":[],"meta":{},"tags":[]},{"ancestorTitles":["endpoint registry parity"],"fullName":"endpoint registry parity every MARKET_ENDPOINTS path starts with /api/","status":"passed","title":"every MARKET_ENDPOINTS path starts with /api/","duration":1.5787000000000262,"failureMessages":[],"meta":{},"tags":[]},{"ancestorTitles":["endpoint registry parity"],"fullName":"endpoint registry parity scheduled RTDB snapshots include frontend endpoints when snapshotMarkets exists","status":"passed","title":"scheduled RTDB snapshots include frontend endpoints when snapshotMarkets exists","duration":1.0453999999999724,"failureMessages":[],"meta":{},"tags":[]},{"ancestorTitles":["endpoint registry parity"],"fullName":"endpoint registry parity backend-only snapshot feeds stay explicit when present","status":"passed","title":"backend-only snapshot feeds stay explicit when present","duration":0.621599999999944,"failureMessages":[],"meta":{},"tags":[]}],"startTime":1785341231858,"endTime":1785341231864.6216,"status":"passed","message":"","name":"C:/Users/kevin/workspace/kyahoofinance032926/src/__tests__/endpointRegistryParity.test.js"},{"assertionResults":[{"ancestorTitles":["EquitiesMarket heatmap data structure"],"fullName":"EquitiesMarket heatmap data structure stockUniverseData is a non-empty array","status":"passed","title":"stockUniverseData is a non-empty array","duration":3.7957000000001244,"failureMessages":[],"meta":{},"tags":[]},{"ancestorTitles":["EquitiesMarket heatmap data structure"],"fullName":"EquitiesMarket heatmap data structure each region has required properties","status":"passed","title":"each region has required properties","duration":8.977199999999812,"failureMessages":[],"meta":{},"tags":[]},{"ancestorTitles":["EquitiesMarket heatmap data structure"],"fullName":"EquitiesMarket heatmap data structure each stock has required properties","status":"passed","title":"each stock has required properties","duration":96.11770000000024,"failureMessages":[],"meta":{},"tags":[]},{"ancestorTitles":["EquitiesMarket heatmap data structure"],"fullName":"EquitiesMarket heatmap data structure stocks have valid numeric fields","status":"passed","title":"stocks have valid numeric fields","duration":42.22389999999996,"failureMessages":[],"meta":{},"tags":[]},{"ancestorTitles":["EquitiesMarket heatmap data structure"],"fullName":"EquitiesMarket heatmap data structure sectors are valid categories","status":"passed","title":"sectors are valid categories","duration":22.309600000000046,"failureMessages":[],"meta":{},"tags":[]}],"startTime":1785341225192,"endTime":1785341225366.3096,"status":"passed","message":"","name":"C:/Users/kevin/workspace/kyahoofinance032926/src/__tests__/equitiesHeatmap.test.js"},{"assertionResults":[{"ancestorTitles":["EquitiesMarket heatmap data transformation"],"fullName":"EquitiesMarket heatmap data transformation getMetricValue returns revenue when metric is revenue","status":"passed","title":"getMetricValue returns revenue when metric is revenue","duration":1.7937000000001717,"failureMessages":[],"meta":{},"tags":[]},{"ancestorTitles":["EquitiesMarket heatmap data transformation"],"fullName":"EquitiesMarket heatmap data transformation getMetricValue returns marketCap as default","status":"passed","title":"getMetricValue returns marketCap as default","duration":0.22060000000010405,"failureMessages":[],"meta":{},"tags":[]},{"ancestorTitles":["EquitiesMarket heatmap data transformation"],"fullName":"EquitiesMarket heatmap data transformation getMetricValue handles missing fields with minimum","status":"passed","title":"getMetricValue handles missing fields with minimum","duration":0.22010000000000218,"failureMessages":[],"meta":{},"tags":[]},{"ancestorTitles":["EquitiesMarket heatmap data transformation"],"fullName":"EquitiesMarket heatmap data transformation getRankValue returns negative P/E for sorting","status":"passed","title":"getRankValue returns negative P/E for sorting","duration":0.2025999999996202,"failureMessages":[],"meta":{},"tags":[]},{"ancestorTitles":["EquitiesMarket heatmap data transformation"],"fullName":"EquitiesMarket heatmap data transformation getRankValue returns divYield correctly","status":"passed","title":"getRankValue returns divYield correctly","duration":0.16229999999995925,"failureMessages":[],"meta":{},"tags":[]},{"ancestorTitles":["EquitiesMarket heatmap data transformation"],"fullName":"EquitiesMarket heatmap data transformation rankColorFn cycles through palette","status":"passed","title":"rankColorFn cycles through palette","duration":0.20529999999962456,"failureMessages":[],"meta":{},"tags":[]},{"ancestorTitles":["EquitiesMarket heatmap data transformation"],"fullName":"EquitiesMarket heatmap data transformation transforms stock for treemap ranking","status":"passed","title":"transforms stock for treemap ranking","duration":0.2132000000001426,"failureMessages":[],"meta":{},"tags":[]}],"startTime":1785341231983,"endTime":1785341231986.2131,"status":"passed","message":"","name":"C:/Users/kevin/workspace/kyahoofinance032926/src/__tests__/equitiesTransform.test.js"},{"assertionResults":[{"ancestorTitles":["market normalizers"],"fullName":"market normalizers derives bond tenors and curve spreads from yieldCurveData.US","status":"passed","title":"derives bond tenors and curve spreads from yieldCurveData.US","duration":2.78229999999985,"failureMessages":[],"meta":{},"tags":[]},{"ancestorTitles":["market normalizers"],"fullName":"market normalizers normalizes commodities enhanced supply/demand and gold fallback","status":"passed","title":"normalizes commodities enhanced supply/demand and gold fallback","duration":1.3998000000001412,"failureMessages":[],"meta":{},"tags":[]},{"ancestorTitles":["market normalizers"],"fullName":"market normalizers converts real-estate cap-rate basis points to percent display values","status":"passed","title":"converts real-estate cap-rate basis points to percent display values","duration":0.5363999999999578,"failureMessages":[],"meta":{},"tags":[]},{"ancestorTitles":["market normalizers"],"fullName":"market normalizers treats sparse calendar data as renderable partial coverage","status":"passed","title":"treats sparse calendar data as renderable partial coverage","duration":1.3447000000001026,"failureMessages":[],"meta":{},"tags":[]},{"ancestorTitles":["market normalizers"],"fullName":"market normalizers normalizes BLS/Census style series payloads","status":"passed","title":"normalizes BLS/Census style series payloads","duration":0.519800000000032,"failureMessages":[],"meta":{},"tags":[]},{"ancestorTitles":["market normalizers"],"fullName":"market normalizers reports source-unavailable separately from missing","status":"passed","title":"reports source-unavailable separately from missing","duration":0.25060000000030414,"failureMessages":[],"meta":{},"tags":[]}],"startTime":1785341231853,"endTime":1785341231860.2505,"status":"passed","message":"","name":"C:/Users/kevin/workspace/kyahoofinance032926/src/__tests__/marketNormalizers.test.js"},{"assertionResults":[{"ancestorTitles":["hasSubstance"],"fullName":"hasSubstance rejects null/empty","status":"passed","title":"rejects null/empty","duration":4.127300000000105,"failureMessages":[],"meta":{},"tags":[]},{"ancestorTitles":["hasSubstance"],"fullName":"hasSubstance accepts real streams","status":"passed","title":"accepts real streams","duration":0.663300000000163,"failureMessages":[],"meta":{},"tags":[]},{"ancestorTitles":["null+null is not green"],"fullName":"null+null is not green evaluatePanelHealth fails when no market data and no DOM","status":"passed","title":"evaluatePanelHealth fails when no market data and no DOM","duration":28.591699999999946,"failureMessages":[],"meta":{},"tags":[]},{"ancestorTitles":["null+null is not green"],"fullName":"null+null is not green empty field is not green even if market object exists","status":"passed","title":"empty field is not green even if market object exists","duration":1.8596000000002277,"failureMessages":[],"meta":{},"tags":[]},{"ancestorTitles":["classifyPanelDisplay"],"fullName":"classifyPanelDisplay rejects empty-state text","status":"passed","title":"rejects empty-state text","duration":8.118400000000292,"failureMessages":[],"meta":{},"tags":[]},{"ancestorTitles":["panel field map for insurance"],"fullName":"panel field map for insurance maps hyoas to fredHyOasHistory","status":"passed","title":"maps hyoas to fredHyOasHistory","duration":0.9205000000001746,"failureMessages":[],"meta":{},"tags":[]},{"ancestorTitles":["confirmDisplayMatchesFetch"],"fullName":"confirmDisplayMatchesFetch requires samples from fetch to appear in DOM","status":"passed","title":"requires samples from fetch to appear in DOM","duration":2.6262000000001535,"failureMessages":[],"meta":{},"tags":[]},{"ancestorTitles":["confirmDisplayMatchesFetch"],"fullName":"confirmDisplayMatchesFetch fails when DOM does not show fetched values","status":"passed","title":"fails when DOM does not show fetched values","duration":2.143499999999676,"failureMessages":[],"meta":{},"tags":[]},{"ancestorTitles":["confirmDisplayMatchesFetch"],"fullName":"confirmDisplayMatchesFetch fails for null fetch","status":"passed","title":"fails for null fetch","duration":0.930699999999888,"failureMessages":[],"meta":{},"tags":[]}],"startTime":1785341228390,"endTime":1785341228440.9307,"status":"passed","message":"","name":"C:/Users/kevin/workspace/kyahoofinance032926/src/__tests__/panelHealthEval.test.js"},{"assertionResults":[{"ancestorTitles":["useFrankfurterRates"],"fullName":"useFrankfurterRates returns initial static fallback values","status":"passed","title":"returns initial static fallback values","duration":35.89420000000018,"failureMessages":[],"meta":{},"tags":[]},{"ancestorTitles":["useFrankfurterRates"],"fullName":"useFrankfurterRates updates to live rates when fetch succeeds","status":"passed","title":"updates to live rates when fetch succeeds","duration":7.705799999999726,"failureMessages":[],"meta":{},"tags":[]},{"ancestorTitles":["useFrankfurterRates"],"fullName":"useFrankfurterRates falls back to static rates when fetch fails","status":"passed","title":"falls back to static rates when fetch fails","duration":4.436700000000201,"failureMessages":[],"meta":{},"tags":[]},{"ancestorTitles":["useFrankfurterRates"],"fullName":"useFrankfurterRates falls back when response has no rates","status":"passed","title":"falls back when response has no rates","duration":14.93040000000019,"failureMessages":[],"meta":{},"tags":[]}],"startTime":1785341228421,"endTime":1785341228483.9304,"status":"passed","message":"","name":"C:/Users/kevin/workspace/kyahoofinance032926/src/__tests__/useFrankfurterRates.test.js"},{"assertionResults":[{"ancestorTitles":["useInterval"],"fullName":"useInterval does not call callback when delay is null","status":"passed","title":"does not call callback when delay is null","duration":38.363500000000386,"failureMessages":[],"meta":{},"tags":[]},{"ancestorTitles":["useInterval"],"fullName":"useInterval does not call callback when delay is undefined","status":"passed","title":"does not call callback when delay is undefined","duration":5.088000000000193,"failureMessages":[],"meta":{},"tags":[]},{"ancestorTitles":["useInterval"],"fullName":"useInterval calls callback at the specified delay interval","status":"passed","title":"calls callback at the specified delay interval","duration":5.279599999999846,"failureMessages":[],"meta":{},"tags":[]},{"ancestorTitles":["useInterval"],"fullName":"useInterval clears interval on unmount","status":"passed","title":"clears interval on unmount","duration":4.0154999999999745,"failureMessages":[],"meta":{},"tags":[]},{"ancestorTitles":["useInterval"],"fullName":"useInterval refreshes interval when delay changes","status":"passed","title":"refreshes interval when delay changes","duration":5.716599999999744,"failureMessages":[],"meta":{},"tags":[]}],"startTime":1785341228877,"endTime":1785341228936.7166,"status":"passed","message":"","name":"C:/Users/kevin/workspace/kyahoofinance032926/src/__tests__/useInterval.test.js"},{"assertionResults":[{"ancestorTitles":["Alert Rules"],"fullName":"Alert Rules triggers VIX spike when above 25","status":"passed","title":"triggers VIX spike when above 25","duration":3.6096000000002277,"failureMessages":[],"meta":{},"tags":[]},{"ancestorTitles":["Alert Rules"],"fullName":"Alert Rules does not trigger VIX when below threshold","status":"passed","title":"does not trigger VIX when below threshold","duration":0.45529999999962456,"failureMessages":[],"meta":{},"tags":[]},{"ancestorTitles":["Alert Rules"],"fullName":"Alert Rules triggers yield curve inversion when 10Y < 2Y","status":"passed","title":"triggers yield curve inversion when 10Y < 2Y","duration":0.5126000000000204,"failureMessages":[],"meta":{},"tags":[]},{"ancestorTitles":["Alert Rules"],"fullName":"Alert Rules does not trigger when curve normal","status":"passed","title":"does not trigger when curve normal","duration":0.40120000000024447,"failureMessages":[],"meta":{},"tags":[]},{"ancestorTitles":["Alert Rules"],"fullName":"Alert Rules triggers HY spread when above 400bps","status":"passed","title":"triggers HY spread when above 400bps","duration":0.48119999999971697,"failureMessages":[],"meta":{},"tags":[]},{"ancestorTitles":["Alert Rules"],"fullName":"Alert Rules triggers extreme fear when below 25","status":"passed","title":"triggers extreme fear when below 25","duration":0.3969999999999345,"failureMessages":[],"meta":{},"tags":[]},{"ancestorTitles":["Alert Rules"],"fullName":"Alert Rules triggers extreme greed when above 75","status":"passed","title":"triggers extreme greed when above 75","duration":0.41709999999966385,"failureMessages":[],"meta":{},"tags":[]},{"ancestorTitles":["Alert Rules"],"fullName":"Alert Rules triggers BTC large move when > 5% drop","status":"passed","title":"triggers BTC large move when > 5% drop","duration":0.5148999999996704,"failureMessages":[],"meta":{},"tags":[]},{"ancestorTitles":["Alert Rules"],"fullName":"Alert Rules triggers BTC large move when > 5% gain","status":"passed","title":"triggers BTC large move when > 5% gain","duration":0.44290000000000873,"failureMessages":[],"meta":{},"tags":[]},{"ancestorTitles":["Alert Rules"],"fullName":"Alert Rules does not trigger for small BTC moves","status":"passed","title":"does not trigger for small BTC moves","duration":0.5664999999999054,"failureMessages":[],"meta":{},"tags":[]}],"startTime":1785341230871,"endTime":1785341230878.5664,"status":"passed","message":"","name":"C:/Users/kevin/workspace/kyahoofinance032926/src/__tests__/alerts/AlertsRules.test.jsx"},{"assertionResults":[{"ancestorTitles":["Analytics Tab Helpers","getSourceAuditState"],"fullName":"Analytics Tab Helpers getSourceAuditState identifies received sources","status":"passed","title":"identifies received sources","duration":1.7401999999997315,"failureMessages":[],"meta":{},"tags":[]},{"ancestorTitles":["Analytics Tab Helpers","getSourceAuditState"],"fullName":"Analytics Tab Helpers getSourceAuditState identifies unused fallback markers as optional","status":"passed","title":"identifies unused fallback markers as optional","duration":0.45820000000003347,"failureMessages":[],"meta":{},"tags":[]},{"ancestorTitles":["Analytics Tab Helpers","getSourceAuditState"],"fullName":"Analytics Tab Helpers getSourceAuditState identifies known optional keys as optional","status":"passed","title":"identifies known optional keys as optional","duration":0.31670000000030996,"failureMessages":[],"meta":{},"tags":[]},{"ancestorTitles":["Analytics Tab Helpers","getSourceAuditState"],"fullName":"Analytics Tab Helpers getSourceAuditState identifies required missing keys as missing","status":"passed","title":"identifies required missing keys as missing","duration":0.18100000000004002,"failureMessages":[],"meta":{},"tags":[]},{"ancestorTitles":["Analytics Tab Helpers","countSourcesByState"],"fullName":"Analytics Tab Helpers countSourcesByState sums sources correct by state category","status":"passed","title":"sums sources correct by state category","duration":0.2802999999998974,"failureMessages":[],"meta":{},"tags":[]},{"ancestorTitles":["Analytics Tab Helpers","getFieldByPath"],"fullName":"Analytics Tab Helpers getFieldByPath returns values for flat and nested paths","status":"passed","title":"returns values for flat and nested paths","duration":0.2501999999999498,"failureMessages":[],"meta":{},"tags":[]},{"ancestorTitles":["Analytics Tab Helpers","describeValue"],"fullName":"Analytics Tab Helpers describeValue correctly categorizes shape description of variables","status":"passed","title":"correctly categorizes shape description of variables","duration":0.35849999999982174,"failureMessages":[],"meta":{},"tags":[]},{"ancestorTitles":["Analytics Tab Helpers","describeValue"],"fullName":"Analytics Tab Helpers describeValue identifies objects that contain array properties","status":"passed","title":"identifies objects that contain array properties","duration":0.2519999999999527,"failureMessages":[],"meta":{},"tags":[]}],"startTime":1785341232179,"endTime":1785341232183.252,"status":"passed","message":"","name":"C:/Users/kevin/workspace/kyahoofinance032926/src/__tests__/analytics/AnalyticsFeatures.test.jsx"},{"assertionResults":[{"ancestorTitles":["AnalyticsMarket"],"fullName":"AnalyticsMarket renders loading state initially","status":"passed","title":"renders loading state initially","duration":76.90200000000004,"failureMessages":[],"meta":{},"tags":[]},{"ancestorTitles":["AnalyticsMarket"],"fullName":"AnalyticsMarket renders error state when fetch fails","status":"passed","title":"renders error state when fetch fails","duration":33.156299999999646,"failureMessages":[],"meta":{},"tags":[]},{"ancestorTitles":["AnalyticsMarket"],"fullName":"AnalyticsMarket renders error state for non-OK responses","status":"passed","title":"renders error state for non-OK responses","duration":21.034099999999853,"failureMessages":[],"meta":{},"tags":[]},{"ancestorTitles":["AnalyticsMarket"],"fullName":"AnalyticsMarket renders analytics dashboard with data","status":"passed","title":"renders analytics dashboard with data","duration":387.46519999999964,"failureMessages":[],"meta":{},"tags":[]},{"ancestorTitles":["AnalyticsMarket"],"fullName":"AnalyticsMarket renders uptime information from data","status":"passed","title":"renders uptime information from data","duration":171.97579999999925,"failureMessages":[],"meta":{},"tags":[]},{"ancestorTitles":["AnalyticsMarket"],"fullName":"AnalyticsMarket renders memory information from data","status":"passed","title":"renders memory information from data","duration":233.39999999999964,"failureMessages":[],"meta":{},"tags":[]},{"ancestorTitles":["AnalyticsMarket"],"fullName":"AnalyticsMarket renders MemCache information with hit rate","status":"passed","title":"renders MemCache information with hit rate","duration":194.0079999999998,"failureMessages":[],"meta":{},"tags":[]},{"ancestorTitles":["AnalyticsMarket"],"fullName":"AnalyticsMarket renders endpoint list sorted by calls","status":"passed","title":"renders endpoint list sorted by calls","duration":179.64719999999943,"failureMessages":[],"meta":{},"tags":[]},{"ancestorTitles":["AnalyticsMarket"],"fullName":"AnalyticsMarket renders auto-refresh toggle button","status":"passed","title":"renders auto-refresh toggle button","duration":133.1860999999999,"failureMessages":[],"meta":{},"tags":[]},{"ancestorTitles":["AnalyticsMarket"],"fullName":"AnalyticsMarket toggles auto-refresh when button clicked","status":"passed","title":"toggles auto-refresh when button clicked","duration":546.9561999999996,"failureMessages":[],"meta":{},"tags":[]}],"startTime":1785341213783,"endTime":1785341215760.9563,"status":"passed","message":"","name":"C:/Users/kevin/workspace/kyahoofinance032926/src/__tests__/analytics/AnalyticsMarket.test.jsx"},{"assertionResults":[{"ancestorTitles":["ProvenanceAudit Integration in AnalyticsMarket"],"fullName":"ProvenanceAudit Integration in AnalyticsMarket initially shows the empty state for the audit","status":"passed","title":"initially shows the empty state for the audit","duration":445.6721000000007,"failureMessages":[],"meta":{},"tags":[]},{"ancestorTitles":["ProvenanceAudit Integration in AnalyticsMarket"],"fullName":"ProvenanceAudit Integration in AnalyticsMarket runs the provenance audit and displays results","status":"passed","title":"runs the provenance audit and displays results","duration":1371.7676999999994,"failureMessages":[],"meta":{},"tags":[]}],"startTime":1785341213786,"endTime":1785341215602.7676,"status":"passed","message":"","name":"C:/Users/kevin/workspace/kyahoofinance032926/src/__tests__/analytics/ProvenanceAuditIntegration.test.jsx"},{"assertionResults":[{"ancestorTitles":["BlsMarket"],"fullName":"BlsMarket renders skeleton when no centralData provided","status":"passed","title":"renders skeleton when no centralData provided","duration":73.13040000000001,"failureMessages":[],"meta":{},"tags":[]},{"ancestorTitles":["BlsMarket"],"fullName":"BlsMarket renders skeleton when loading","status":"failed","title":"renders skeleton when loading","duration":70.07360000000062,"failureMessages":["AssertionError: expected null to be truthy\n    at C:/Users/kevin/workspace/kyahoofinance032926/src/__tests__/bls/BlsMarket.test.jsx:35:57\n    at file:///C:/Users/kevin/workspace/kyahoofinance032926/node_modules/@vitest/runner/dist/chunk-artifact.js:302:11\n    at file:///C:/Users/kevin/workspace/kyahoofinance032926/node_modules/@vitest/runner/dist/chunk-artifact.js:1903:26\n    at file:///C:/Users/kevin/workspace/kyahoofinance032926/node_modules/@vitest/runner/dist/chunk-artifact.js:2326:20\n    at new Promise (<anonymous>)\n    at runWithCancel (file:///C:/Users/kevin/workspace/kyahoofinance032926/node_modules/@vitest/runner/dist/chunk-artifact.js:2323:10)\n    at file:///C:/Users/kevin/workspace/kyahoofinance032926/node_modules/@vitest/runner/dist/chunk-artifact.js:2305:20\n    at new Promise (<anonymous>)\n    at runWithTimeout (file:///C:/Users/kevin/workspace/kyahoofinance032926/node_modules/@vitest/runner/dist/chunk-artifact.js:2272:10)\n    at file:///C:/Users/kevin/workspace/kyahoofinance032926/node_modules/@vitest/runner/dist/chunk-artifact.js:2955:64"],"meta":{},"tags":[]},{"ancestorTitles":["BlsMarket"],"fullName":"BlsMarket renders fetched status when live","status":"passed","title":"renders fetched status when live","duration":95.69040000000041,"failureMessages":[],"meta":{},"tags":[]},{"ancestorTitles":["BlsMarket"],"fullName":"BlsMarket renders unavailable message when not live and no data","status":"passed","title":"renders unavailable message when not live and no data","duration":23.093399999999747,"failureMessages":[],"meta":{},"tags":[]},{"ancestorTitles":["BlsMarket"],"fullName":"BlsMarket renders KPI labels and values","status":"passed","title":"renders KPI labels and values","duration":33.75450000000001,"failureMessages":[],"meta":{},"tags":[]}],"startTime":1785341215331,"endTime":1785341215626.7544,"status":"failed","message":"","name":"C:/Users/kevin/workspace/kyahoofinance032926/src/__tests__/bls/BlsMarket.test.jsx"},{"assertionResults":[{"ancestorTitles":["BondsMarket"],"fullName":"BondsMarket renders unified dashboard after loading","status":"passed","title":"renders unified dashboard after loading","duration":435.32180000000017,"failureMessages":[],"meta":{},"tags":[]},{"ancestorTitles":["BondsMarket"],"fullName":"BondsMarket shows sidebar with key metrics","status":"passed","title":"shows sidebar with key metrics","duration":189.79950000000008,"failureMessages":[],"meta":{},"tags":[]},{"ancestorTitles":["BondsMarket"],"fullName":"BondsMarket shows all charts visible at once (no tabs)","status":"passed","title":"shows all charts visible at once (no tabs)","duration":163.17320000000018,"failureMessages":[],"meta":{},"tags":[]},{"ancestorTitles":["BondsMarket"],"fullName":"BondsMarket shows status when server unavailable","status":"passed","title":"shows status when server unavailable","duration":108.09740000000056,"failureMessages":[],"meta":{},"tags":[]}],"startTime":1785341216968,"endTime":1785341217864.0974,"status":"passed","message":"","name":"C:/Users/kevin/workspace/kyahoofinance032926/src/__tests__/bonds/BondsMarket.test.jsx"},{"assertionResults":[{"ancestorTitles":["BreakevenMonitor"],"fullName":"BreakevenMonitor renders when data is provided","status":"passed","title":"renders when data is provided","duration":59.359500000000025,"failureMessages":[],"meta":{},"tags":[]},{"ancestorTitles":["BreakevenMonitor"],"fullName":"BreakevenMonitor renders empty when no data provided","status":"passed","title":"renders empty when no data provided","duration":17.802100000000337,"failureMessages":[],"meta":{},"tags":[]}],"startTime":1785341227547,"endTime":1785341227624.802,"status":"passed","message":"","name":"C:/Users/kevin/workspace/kyahoofinance032926/src/__tests__/bonds/BreakevenMonitor.test.jsx"},{"assertionResults":[{"ancestorTitles":["CreditMatrix"],"fullName":"CreditMatrix renders the panel title","status":"passed","title":"renders the panel title","duration":180.60939999999982,"failureMessages":[],"meta":{},"tags":[]},{"ancestorTitles":["CreditMatrix"],"fullName":"CreditMatrix renders all three agency column headers","status":"passed","title":"renders all three agency column headers","duration":33.1891999999998,"failureMessages":[],"meta":{},"tags":[]},{"ancestorTitles":["CreditMatrix"],"fullName":"CreditMatrix renders country names","status":"passed","title":"renders country names","duration":27.134300000000167,"failureMessages":[],"meta":{},"tags":[]},{"ancestorTitles":["CreditMatrix"],"fullName":"CreditMatrix renders rating values in cells","status":"passed","title":"renders rating values in cells","duration":20.8445999999999,"failureMessages":[],"meta":{},"tags":[]},{"ancestorTitles":["CreditMatrix"],"fullName":"CreditMatrix renders the legend","status":"passed","title":"renders the legend","duration":21.891099999999824,"failureMessages":[],"meta":{},"tags":[]},{"ancestorTitles":["CreditMatrix"],"fullName":"CreditMatrix applies distinct background colors to cells from different rating tiers","status":"passed","title":"applies distinct background colors to cells from different rating tiers","duration":21.898799999999937,"failureMessages":[],"meta":{},"tags":[]},{"ancestorTitles":["CreditMatrix"],"fullName":"CreditMatrix renders unknown rating without crashing and without inline style","status":"passed","title":"renders unknown rating without crashing and without inline style","duration":13.925000000000182,"failureMessages":[],"meta":{},"tags":[]}],"startTime":1785341219983,"endTime":1785341220302.925,"status":"passed","message":"","name":"C:/Users/kevin/workspace/kyahoofinance032926/src/__tests__/bonds/CreditMatrix.test.jsx"},{"assertionResults":[{"ancestorTitles":["DurationLadder"],"fullName":"DurationLadder renders panel title and chart without treasuryRates","status":"passed","title":"renders panel title and chart without treasuryRates","duration":75.02970000000005,"failureMessages":[],"meta":{},"tags":[]},{"ancestorTitles":["DurationLadder"],"fullName":"DurationLadder shows the bucket detail table with one row per bucket","status":"failed","title":"shows the bucket detail table with one row per bucket","duration":21.45640000000003,"failureMessages":["AssertionError: expected +0 to be 4 // Object.is equality\n    at C:/Users/kevin/workspace/kyahoofinance032926/src/__tests__/bonds/DurationLadder.test.jsx:24:66\n    at file:///C:/Users/kevin/workspace/kyahoofinance032926/node_modules/@vitest/runner/dist/chunk-artifact.js:302:11\n    at file:///C:/Users/kevin/workspace/kyahoofinance032926/node_modules/@vitest/runner/dist/chunk-artifact.js:1903:26\n    at file:///C:/Users/kevin/workspace/kyahoofinance032926/node_modules/@vitest/runner/dist/chunk-artifact.js:2326:20\n    at new Promise (<anonymous>)\n    at runWithCancel (file:///C:/Users/kevin/workspace/kyahoofinance032926/node_modules/@vitest/runner/dist/chunk-artifact.js:2323:10)\n    at file:///C:/Users/kevin/workspace/kyahoofinance032926/node_modules/@vitest/runner/dist/chunk-artifact.js:2305:20\n    at new Promise (<anonymous>)\n    at runWithTimeout (file:///C:/Users/kevin/workspace/kyahoofinance032926/node_modules/@vitest/runner/dist/chunk-artifact.js:2272:10)\n    at file:///C:/Users/kevin/workspace/kyahoofinance032926/node_modules/@vitest/runner/dist/chunk-artifact.js:2955:64"],"meta":{},"tags":[]},{"ancestorTitles":["DurationLadder"],"fullName":"DurationLadder renders em-dash placeholders in the rate column when no rates are supplied","status":"failed","title":"renders em-dash placeholders in the rate column when no rates are supplied","duration":10.890999999999622,"failureMessages":["AssertionError: expected 0 to be greater than or equal to 4\n    at C:/Users/kevin/workspace/kyahoofinance032926/src/__tests__/bonds/DurationLadder.test.jsx:30:74\n    at file:///C:/Users/kevin/workspace/kyahoofinance032926/node_modules/@vitest/runner/dist/chunk-artifact.js:302:11\n    at file:///C:/Users/kevin/workspace/kyahoofinance032926/node_modules/@vitest/runner/dist/chunk-artifact.js:1903:26\n    at file:///C:/Users/kevin/workspace/kyahoofinance032926/node_modules/@vitest/runner/dist/chunk-artifact.js:2326:20\n    at new Promise (<anonymous>)\n    at runWithCancel (file:///C:/Users/kevin/workspace/kyahoofinance032926/node_modules/@vitest/runner/dist/chunk-artifact.js:2323:10)\n    at file:///C:/Users/kevin/workspace/kyahoofinance032926/node_modules/@vitest/runner/dist/chunk-artifact.js:2305:20\n    at new Promise (<anonymous>)\n    at runWithTimeout (file:///C:/Users/kevin/workspace/kyahoofinance032926/node_modules/@vitest/runner/dist/chunk-artifact.js:2272:10)\n    at file:///C:/Users/kevin/workspace/kyahoofinance032926/node_modules/@vitest/runner/dist/chunk-artifact.js:2955:64"],"meta":{},"tags":[]},{"ancestorTitles":["DurationLadder"],"fullName":"DurationLadder shows formatted rate values in the table when treasuryRates provided","status":"passed","title":"shows formatted rate values in the table when treasuryRates provided","duration":13.6253999999999,"failureMessages":[],"meta":{},"tags":[]},{"ancestorTitles":["DurationLadder"],"fullName":"DurationLadder shows bucket label alongside each rate row","status":"passed","title":"shows bucket label alongside each rate row","duration":9.74499999999989,"failureMessages":[],"meta":{},"tags":[]}],"startTime":1785341212894,"endTime":1785341213024.745,"status":"failed","message":"","name":"C:/Users/kevin/workspace/kyahoofinance032926/src/__tests__/bonds/DurationLadder.test.jsx"},{"assertionResults":[{"ancestorTitles":["SpreadMonitor"],"fullName":"SpreadMonitor renders the panel title","status":"passed","title":"renders the panel title","duration":221.55459999999994,"failureMessages":[],"meta":{},"tags":[]},{"ancestorTitles":["SpreadMonitor"],"fullName":"SpreadMonitor renders the echarts chart","status":"passed","title":"renders the echarts chart","duration":19.972000000000207,"failureMessages":[],"meta":{},"tags":[]},{"ancestorTitles":["SpreadMonitor"],"fullName":"SpreadMonitor renders BBB series label in legend","status":"passed","title":"renders BBB series label in legend","duration":24.10129999999981,"failureMessages":[],"meta":{},"tags":[]},{"ancestorTitles":["SpreadMonitor"],"fullName":"SpreadMonitor renders all 4 series labels","status":"passed","title":"renders all 4 series labels","duration":27.69459999999981,"failureMessages":[],"meta":{},"tags":[]}],"startTime":1785341224247,"endTime":1785341224540.6946,"status":"passed","message":"","name":"C:/Users/kevin/workspace/kyahoofinance032926/src/__tests__/bonds/SpreadMonitor.test.jsx"},{"assertionResults":[{"ancestorTitles":["YieldCurve"],"fullName":"YieldCurve renders panel title","status":"failed","title":"renders panel title","duration":95.42549999999983,"failureMessages":["TestingLibraryElementError: Unable to find an element with the text: Yield Curve. This could be because the text is broken up by multiple elements. In this case, you can provide a function for your text matcher to make your matcher more flexible.\n\nIgnored nodes: comments, script, style\n\u001b[36m<body>\u001b[39m\n  \u001b[36m<div>\u001b[39m\n    \u001b[36m<div\u001b[39m\n      \u001b[33mclass\u001b[39m=\u001b[32m\"yc-panel\"\u001b[39m\n    \u001b[36m>\u001b[39m\n      \u001b[36m<div\u001b[39m\n        \u001b[33mclass\u001b[39m=\u001b[32m\"yc-kpis\"\u001b[39m\n      \u001b[36m>\u001b[39m\n        \u001b[36m<div\u001b[39m\n          \u001b[33mclass\u001b[39m=\u001b[32m\"yc-kpi\"\u001b[39m\n        \u001b[36m>\u001b[39m\n          \u001b[36m<span\u001b[39m\n            \u001b[33mclass\u001b[39m=\u001b[32m\"yc-kpi-label\"\u001b[39m\n          \u001b[36m>\u001b[39m\n            \u001b[0mUS 10Y\u001b[0m\n          \u001b[36m</span>\u001b[39m\n          \u001b[36m<span\u001b[39m\n            \u001b[33mclass\u001b[39m=\u001b[32m\"yc-kpi-value yc-kpi-value--accent\"\u001b[39m\n          \u001b[36m>\u001b[39m\n            \u001b[36m<span\u001b[39m\n              \u001b[33mclass\u001b[39m=\u001b[32m\"mv-root mv-clickable\"\u001b[39m\n              \u001b[33mdata-metric-display\u001b[39m=\u001b[32m\"4.20%\"\u001b[39m\n              \u001b[33mdata-metric-value\u001b[39m=\u001b[32m\"4.2\"\u001b[39m\n            \u001b[36m>\u001b[39m\n              \u001b[0m4.20%\u001b[0m\n            \u001b[36m</span>\u001b[39m\n          \u001b[36m</span>\u001b[39m\n        \u001b[36m</div>\u001b[39m\n        \u001b[36m<div\u001b[39m\n          \u001b[33mclass\u001b[39m=\u001b[32m\"yc-kpi\"\u001b[39m\n        \u001b[36m>\u001b[39m\n          \u001b[36m<span\u001b[39m\n            \u001b[33mclass\u001b[39m=\u001b[32m\"yc-kpi-label\"\u001b[39m\n          \u001b[36m>\u001b[39m\n            \u001b[0m10YΓêÆ2Y\u001b[0m\n          \u001b[36m</span>\u001b[39m\n          \u001b[36m<span\u001b[39m\n            \u001b[33mclass\u001b[39m=\u001b[32m\"yc-kpi-value\"\u001b[39m\n            \u001b[33mstyle\u001b[39m=\u001b[32m\"color: rgb(248, 113, 113);\"\u001b[39m\n          \u001b[36m>\u001b[39m\n            \u001b[36m<span\u001b[39m\n              \u001b[33mclass\u001b[39m=\u001b[32m\"mv-root mv-clickable\"\u001b[39m\n              \u001b[33mdata-metric-display\u001b[39m=\u001b[32m\"-0.40%\"\u001b[39m\n              \u001b[33mdata-metric-value\u001b[39m=\u001b[32m\"-0.39999999999999947\"\u001b[39m\n            \u001b[36m>\u001b[39m\n              \u001b[0m-0.40%\u001b[0m\n            \u001b[36m</span>\u001b[39m\n          \u001b[36m</span>\u001b[39m\n        \u001b[36m</div>\u001b[39m\n        \u001b[36m<div\u001b[39m\n          \u001b[33mclass\u001b[39m=\u001b[32m\"yc-kpi\"\u001b[39m\n        \u001b[36m>\u001b[39m\n          \u001b[36m<span\u001b[39m\n            \u001b[33mclass\u001b[39m=\u001b[32m\"yc-kpi-label\"\u001b[39m\n          \u001b[36m>\u001b[39m\n            \u001b[0m10YΓêÆ3M\u001b[0m\n          \u001b[36m</span>\u001b[39m\n          \u001b[36m<span\u001b[39m\n            \u001b[33mclass\u001b[39m=\u001b[32m\"yc-kpi-value\"\u001b[39m\n            \u001b[33mstyle\u001b[39m=\u001b[32m\"color: rgb(248, 113, 113);\"\u001b[39m\n          \u001b[36m>\u001b[39m\n            \u001b[36m<span\u001b[39m\n              \u001b[33mclass\u001b[39m=\u001b[32m\"mv-root mv-clickable\"\u001b[39m\n              \u001b[33mdata-metric-display\u001b[39m=\u001b[32m\"-1.05%\"\u001b[39m\n              \u001b[33mdata-metric-value\u001b[39m=\u001b[32m\"-1.0499999999999998\"\u001b[39m\n            \u001b[36m>\u001b[39m\n              \u001b[0m-1.05%\u001b[0m\n            \u001b[36m</span>\u001b[39m\n          \u001b[36m</span>\u001b[39m\n        \u001b[36m</div>\u001b[39m\n        \u001b[36m<div\u001b[39m\n          \u001b[33mclass\u001b[39m=\u001b[32m\"yc-kpi\"\u001b[39m\n  
[...]
gage rates renders mortgage rate banner when mortgageRates provided","status":"passed","title":"renders mortgage rate banner when mortgageRates provided","duration":20.026499999999942,"failureMessages":[],"meta":{},"tags":[]},{"ancestorTitles":["AffordabilityMap ΓÇö mortgage rates"],"fullName":"AffordabilityMap ΓÇö mortgage rates renders 15-year rate in banner","status":"passed","title":"renders 15-year rate in banner","duration":18.570999999999913,"failureMessages":[],"meta":{},"tags":[]},{"ancestorTitles":["AffordabilityMap ΓÇö mortgage rates"],"fullName":"AffordabilityMap ΓÇö mortgage rates renders without mortgage rates (null is acceptable)","status":"passed","title":"renders without mortgage rates (null is acceptable)","duration":18.82840000000033,"failureMessages":[],"meta":{},"tags":[]}],"startTime":1785341224969,"endTime":1785341225414.8284,"status":"passed","message":"","name":"C:/Users/kevin/workspace/kyahoofinance032926/src/__tests__/realEstate/AffordabilityMap.test.jsx"},{"assertionResults":[{"ancestorTitles":["RealEstateMarket Cap Rates panel"],"fullName":"RealEstateMarket Cap Rates panel renders nothing when capRateData is empty","status":"passed","title":"renders nothing when capRateData is empty","duration":27.625,"failureMessages":[],"meta":{},"tags":[]},{"ancestorTitles":["RealEstateMarket Cap Rates panel"],"fullName":"RealEstateMarket Cap Rates panel renders sector bars with implied yields","status":"passed","title":"renders sector bars with implied yields","duration":137.8780000000006,"failureMessages":[],"meta":{},"tags":[]},{"ancestorTitles":["RealEstateMarket Cap Rates panel"],"fullName":"RealEstateMarket Cap Rates panel calculates average yield correctly","status":"passed","title":"calculates average yield correctly","duration":0.887300000000323,"failureMessages":[],"meta":{},"tags":[]},{"ancestorTitles":["RealEstateMarket Cap Rates panel"],"fullName":"RealEstateMarket Cap Rates panel computes spread to treasury correctly","status":"passed","title":"computes spread to treasury correctly","duration":0.5864999999994325,"failureMessages":[],"meta":{},"tags":[]}],"startTime":1785341229915,"endTime":1785341230081.5864,"status":"passed","message":"","name":"C:/Users/kevin/workspace/kyahoofinance032926/src/__tests__/realEstate/CapRateMonitor.test.jsx"},{"assertionResults":[{"ancestorTitles":["PriceIndex"],"fullName":"PriceIndex renders the panel title","status":"passed","title":"renders the panel title","duration":116.63990000000013,"failureMessages":[],"meta":{},"tags":[]},{"ancestorTitles":["PriceIndex"],"fullName":"PriceIndex renders market count in subtitle","status":"passed","title":"renders market count in subtitle","duration":14.144999999999982,"failureMessages":[],"meta":{},"tags":[]},{"ancestorTitles":["PriceIndex"],"fullName":"PriceIndex renders the BIS chart","status":"passed","title":"renders the BIS chart","duration":12.921399999999721,"failureMessages":[],"meta":{},"tags":[]},{"ancestorTitles":["PriceIndex"],"fullName":"PriceIndex calculates and displays US YoY growth percentage","status":"passed","title":"calculates and displays US YoY growth percentage","duration":12.154099999999744,"failureMessages":[],"meta":{},"tags":[]},{"ancestorTitles":["PriceIndex"],"fullName":"PriceIndex displays fastest growing market","status":"passed","title":"displays fastest growing market","duration":15.662900000000263,"failureMessages":[],"meta":{},"tags":[]},{"ancestorTitles":["PriceIndex"],"fullName":"PriceIndex renders Case-Shiller metro list when provided","status":"passed","title":"renders Case-Shiller metro list when provided","duration":26.477200000000266,"failureMessages":[],"meta":{},"tags":[]},{"ancestorTitles":["PriceIndex"],"fullName":"PriceIndex renders housing starts chart when provided","status":"passed","title":"renders housing starts chart when provided","duration":30.764500000000226,"failureMessages":[],"meta":{},"tags":[]},{"ancestorTitles":["PriceIndex"],"fullName":"PriceIndex renders existing home sales when provided","status":"passed","title":"renders existing home sales when provided","duration":9.993600000000242,"failureMessages":[],"meta":{},"tags":[]},{"ancestorTitles":["PriceIndex"],"fullName":"PriceIndex renders KPI strip with US Index value","status":"passed","title":"renders KPI strip with US Index value","duration":32.871999999999844,"failureMessages":[],"meta":{},"tags":[]},{"ancestorTitles":["PriceIndex"],"fullName":"PriceIndex renders footer with source attribution","status":"passed","title":"renders footer with source attribution","duration":11.420200000000023,"failureMessages":[],"meta":{},"tags":[]}],"startTime":1785341224767,"endTime":1785341225050.4202,"status":"passed","message":"","name":"C:/Users/kevin/workspace/kyahoofinance032926/src/__tests__/realEstate/PriceIndex.test.jsx"},{"assertionResults":[{"ancestorTitles":["RealEstateMarket"],"fullName":"RealEstateMarket renders unified dashboard with status bar","status":"passed","title":"renders unified dashboard with status bar","duration":526.1509000000005,"failureMessages":[],"meta":{},"tags":[]},{"ancestorTitles":["RealEstateMarket"],"fullName":"RealEstateMarket shows sidebar with Home Prices section","status":"failed","title":"shows sidebar with Home Prices section","duration":206.1867000000002,"failureMessages":["TestingLibraryElementError: Unable to find an element with the text: Home Prices. This could be because the text is broken up by multiple elements. In this case, you can provide a function for your text matcher to make your matcher more flexible.\n\nIgnored nodes: comments, script, style\n\u001b[36m<body>\u001b[39m\n  \u001b[36m<div>\u001b[39m\n    \u001b[36m<div\u001b[39m\n      \u001b[33maria-label\u001b[39m=\u001b[32m\"Real Estate\"\u001b[39m\n      \u001b[33mclass\u001b[39m=\u001b[32m\"re-market\"\u001b[39m\n      \u001b[33mrole\u001b[39m=\u001b[32m\"region\"\u001b[39m\n    \u001b[36m>\u001b[39m\n      \u001b[36m<div\u001b[39m\n        \u001b[33mclass\u001b[39m=\u001b[32m\"re-market-main\"\u001b[39m\n      \u001b[36m>\u001b[39m\n        \u001b[36m<div\u001b[39m\n          \u001b[33mclass\u001b[39m=\u001b[32m\"re-dashboard re-dashboard--bento\"\u001b[39m\n        \u001b[36m>\u001b[39m\n          \u001b[36m<div\u001b[39m\n            \u001b[33mclass\u001b[39m=\u001b[32m\"com-bento-root \"\u001b[39m\n          \u001b[36m>\u001b[39m\n            \u001b[36m<div\u001b[39m\n              \u001b[33mclass\u001b[39m=\u001b[32m\"react-grid-layout\"\u001b[39m\n              \u001b[33mstyle\u001b[39m=\u001b[32m\"height: 3688px;\"\u001b[39m\n            \u001b[36m>\u001b[39m\n              \u001b[36m<div\u001b[39m\n                \u001b[33mclass\u001b[39m=\u001b[32m\"react-grid-item bento-grid-slot react-draggable cssTransforms react-resizable\"\u001b[39m\n                \u001b[33mdata-panel-key\u001b[39m=\u001b[32m\"metrics\"\u001b[39m\n                \u001b[33mstyle\u001b[39m=\u001b[32m\"height: 664px; width: 280px; min-height: 0px; min-width: 0px; transform: translate(16px,16px); -webkit-transform: translate(16px,16px); position: absolute;\"\u001b[39m\n              \u001b[36m>\u001b[39m\n                \u001b[36m<div\u001b[39m\n                  \u001b[33mclass\u001b[39m=\u001b[32m\"bento-card bento-card--realEstate re-bento-card\"\u001b[39m\n                  \u001b[33mdata-panel-bound\u001b[39m=\u001b[32m\"1\"\u001b[39m\n                  \u001b[33mdata-panel-current\u001b[39m=\u001b[32m\"0\"\u001b[39m\n                  \u001b[33mdata-panel-key\u001b[39m=\u001b[32m\"metrics\"\u001b[39m\n                  \u001b[33mdata-panel-live\u001b[39m=\u001b[32m\"0\"\u001b[39m\n                  \u001b[33mstyle\u001b[39m=\u001b[32m\"height: 100%;\"\u001b[39m\n                \u001b[36m>\u001b[39m\n                  \u001b[36m<div\u001b[39m\n                    \u001b[33mclass\u001b[39m=\u001b[32m\"bento-panel-title-row\"\u001b[39m\n                  \u001b[36m>\u001b[39m\n                    \u001b[36m<span\u001b[39m\n                      \u001b[33mclass\u001b[39m=\u001b[32m\"bento-panel-title\"\u001b[39m\n                    \u001b[36m>\u001b[39m\n                      \u001b[0mKey Metrics\u001b[0m\n                    \u001b[36m</span>\u001b[39m\n                    \u001b[36m<span\u001b[39m\n                      \u001b[33mclass\u001b[39m=\u001b[32m\"bento-panel-subtitle\"\u001b[39m\n                    \u001b[36m>\u001b[39m\n                      \u001b[0mPrices ┬╖ rates ┬╖ activity ┬╖ distress\u001b[0m\n                    \u001b[36m</span>\u001b[39m\n                  \u001b[36m</div>\u001b[39m\n                  \u001b[36m<div\u001b[39m\n                    \u001b[33mclass\u001b[39m=\u001b[32m\"bento-panel-content re-panel-content re-metrics-host\"\u001b[39m\n                  \u001b[36m>\u001b[39m\n                    \u001b[36m<div\u001b[39m\n                      \u001b[33mclass\u001b[39m=\u001b[32m\"re-metrics-panel\"\u001b[39m\n                    \u001b[36m>\u001b[39m\n                      \u001b[36m<div\u001b[39m\n                        \u001b[33mclass\u001b[39m=\u001b[32m\"re-m-section\"\u001b[39m\n                      \u001b[36m>\u001b[39m\n                        \u001b[36m<div\u001b[39m\n                          \u001b[33mclass\u001b[39m=\u001b[32m\"re-m-title\"\u001b[39m\n                        \u001b[36m>\u001b[39m\n                          \u001b[0mHome prices\u001b[0m\n                        \u001b[36m</div>\u001b[39m\n                        \u001b[36m<div\u001b[39m\n                          \u001b[33mclass\u001b[39m=\u001b[32m\"re-m-table\"\u001b[39m\n                        \u001b[36m>\u001b[39m\n                          \u001b[36m<div\u001b[39m\n                            \u001b[33mclass\u001b[39m=\u001b[32m\"re-m-row\"\u001b[39m\n                          \u001b[36m>\u001b[39m\n                            \u001b[36m<span\u001b[39m\n                              \u001b[33mclass\u001b[39m=\u001b[32m\"re-m-name\"\u001b[39m\n                            \u001b[36m>\u001b[39m\n                              \u001b[0mCase-Shiller\u001b[0m\n                            \u001b[36m</span>\u001b[39m\n                            \u001b[36m<span\u001b[39m\n                              \u001b[33mclass\u001b[39m=\u001b[32m\"re-m-val\"\u001b[39m\n                              \u001b[33mstyle\u001b[39m=\u001b[32m\"color: rgb(96, 165, 250);\"\u001b[39m\n                            \u001b[36m>\u001b[39m\n                              \u001b[36m<span\u001b[39m\n                                \u001b[33mclass\u001b[39m=\u001b[32m\"mv-root mv-clickable\"\u001b[39m\n                                \u001b[33mdata-metric-display\u001b[39m=\u001b[32m\"310.5\"\u001b[39m\n                                \u001b[33mdata-metric-value\u001b[39m=\u001b[32m\"310.5\"\u001b[39m\n                              \u001b[36m>\u001b[39m\n                                \u001b[0m310.5\u001b[0m\n                              \u001b[36m</span>\u001b[39m\n                            \u001b[36m</span>\u001b[39m\n                            \u001b[36m<span\u001b[39m\n                              \u001b[33mclass\u001b[39m=\u001b[32m\"re-m-unit\"\u001b[39m\n                            \u001b[36m>\u001b[39m\n                              \u001b[0midx\u001b[0m\n                            \u001b[36m</span>\u001b[39m\n                          \u001b[36m</div>\u001b[39m\n                        \u001b[36m</div>\u001b[39m\n                      \u001b[36m</div>\u001b[39m\n                      \u001b[36m<div\u001b[39m\n                        \u001b[33mclass\u001b[39m=\u001b[32m\"re-m-section\"\u001b[39m\n                      \u001b[36m>\u001b[39m\n                        \u001b[36m<div\u001b[39m\n                          \u001b[33mclass\u001b[39m=\u001b[32m\"re-m-title\"\u001b[39m\n                        \u001b[36m>\u001b[39m\n                          \u001b[0mMortgage rates\u001b[0m\n                        \u001b[36m</div>\u001b[39m\n                        \u001b[36m<div\u001b[39m\n                          \u001b[33mclass\u001b[39m=\u001b[32m\"re-m-table\"\u001b[39m\n                        \u001b[36m>\u001b[39m\n                          \u001b[36m<div\u001b[39m\n                            \u001b[33mclass\u001b[39m=\u001b[32m\"re-m-row\"\u001b[39m\n                          \u001b[36m>\u001b[39m\n                            \u001b[36m<span\u001b[39m\n                              \u001b[33mclass\u001b[39m=\u001b[32m\"re-m-name\"\u001b[39m\n                            \u001b[36m>\u001b[39m\n                              \u001b[0m30Y fixed\u001b[0m\n                            \u001b[36m</span>\u001b[39m\n                            \u001b[36m<span\u001b[39m\n                              \u001b[33mclass\u001b[39m=\u001b[32m\"re-m-val\"\u001b[39m\n                              \u001b[33mstyle\u001b[39m=\u001b[32m\"color: rgb(251, 191, 36);\"\u001b[39m\n                            \u001b[36m>\u001b[39m\n                              \u001b[36m<span\u001b[39m\n                                \u001b[33mclass\u001b[39m=\u001b[32m\"mv-root mv-clickable\"\u001b[39m\n                                \u001b[33mdata-metric-display\u001b[39m=\u001b[32m\"6.85\"\u001b[39m\n                                \u001b[33mdata-metric-value\u001b[39m=\u001b[32m\"6.85\"\u001b[39m\n                              \u001b[36m>\u001b[39m\n                                \u001b[0m6.85\u001b[0m\n                              \u001b[36m</span>\u001b[39m\n                            \u001b[36m</span>\u001b[39m\n                            \u001b[36m<span\u001b[39m\n                              \u001b[33mclass\u001b[39m=\u001b[32m\"re-m-unit\"\u001b[39m\n                            \u001b[36m>\u001b[39m\n                              \u001b[0m%\u001b[0m\n                            \u001b[36m</span>\u001b[39m\n                          \u001b[36m</div>\u001b[39m\n                          \u001b[36m<div\u001b[39m\n                            \u001b[33mclass\u001b[39m=\u001b[32m\"re-m-row\"\u001b[39m\n                          \u001b[36m>\u001b[39m\n                            \u001b[36m<span\u001b[39m\n                              \u001b[33mclass\u001b[39m=\u001b[32m\"re-m-name\"\u001b[39m\n                            \u001b[36m>\u001b[39m\n                              \u001b[0m15Y fixed\u001b[0m\n                            \u001b[36m</span>\u001b[39m\n                            \u001b[36m<span\u001b[39m\n                              \u001b[33mclass\u001b[39m=\u001b[32m\"re-m-val\"\u001b[39m\n                            \u001b[36m>\u001b[39m\n                              \u001b[36m<span\u001b[39m\n                                \u001b[33mclass\u001b[39m=\u001b[32m\"mv-root mv-clickable\"\u001b[...\n    at Object.getElementError (C:\\Users\\kevin\\workspace\\kyahoofinance032926\\node_modules\\@testing-library\\dom\\dist\\config.js:37:19)\n    at C:\\Users\\kevin\\workspace\\kyahoofinance032926\\node_modules\\@testing-library\\dom\\dist\\query-helpers.js:76:38\n    at C:\\Users\\kevin\\workspace\\kyahoofinance032926\\node_modules\\@testing-library\\dom\\dist\\query-helpers.js:52:17\n    at C:\\Users\\kevin\\workspace\\kyahoofinance032926\\node_modules\\@testing-library\\dom\\dist\\query-helpers.js:95:19\n    at C:/Users/kevin/workspace/kyahoofinance032926/src/__tests__/realEstate/RealEstateMarket.test.jsx:39:19\n    at file:///C:/Users/kevin/workspace/kyahoofinance032926/node_modules/@vitest/runner/dist/chunk-artifact.js:302:11\n    at file:///C:/Users/kevin/workspace/kyahoofinance032926/node_modules/@vitest/runner/dist/chunk-artifact.js:1903:26\n    at file:///C:/Users/kevin/workspace/kyahoofinance032926/node_modules/@vitest/runner/dist/chunk-artifact.js:2326:20\n    at new Promise (<anonymous>)\n    at runWithCancel (file:///C:/Users/kevin/workspace/kyahoofinance032926/node_modules/@vitest/runner/dist/chunk-artifact.js:2323:10)"],"meta":{},"tags":[]},{"ancestorTitles":["RealEstateMarket"],"fullName":"RealEstateMarket shows Case-Shiller in sidebar","status":"passed","title":"shows Case-Shiller in sidebar","duration":117.6944999999996,"failureMessages":[],"meta":{},"tags":[]},{"ancestorTitles":["RealEstateMarket"],"fullName":"RealEstateMarket shows Case-Shiller Index chart panel","status":"passed","title":"shows Case-Shiller Index chart panel","duration":75.58840000000055,"failureMessages":[],"meta":{},"tags":[]},{"ancestorTitles":["RealEstateMarket"],"fullName":"RealEstateMarket shows no data received status when not live","status":"passed","title":"shows no data received status when not live","duration":94.71240000000034,"failureMessages":[],"meta":{},"tags":[]}],"startTime":1785341213716,"endTime":1785341214736.7124,"status":"failed","message":"","name":"C:/Users/kevin/workspace/kyahoofinance032926/src/__tests__/realEstate/RealEstateMarket.test.jsx"},{"assertionResults":[{"ancestorTitles":["REITScreen"],"fullName":"REITScreen renders the panel title","status":"passed","title":"renders the panel title","duration":188.3051999999998,"failureMessages":[],"meta":{},"tags":[]},{"ancestorTitles":["REITScreen"],"fullName":"REITScreen renders all ticker symbols","status":"passed","title":"renders all ticker symbols","duration":35.69409999999971,"failureMessages":[],"meta":{},"tags":[]},{"ancestorTitles":["REITScreen"],"fullName":"REITScreen renders column headers","status":"passed","title":"renders column headers","duration":44.65729999999985,"failureMessages":[],"meta":{},"tags":[]},{"ancestorTitles":["REITScreen"],"fullName":"REITScreen shows positive YTD return in green","status":"passed","title":"shows positive YTD return in green","duration":39.8747000000003,"failureMessages":[],"meta":{},"tags":[]},{"ancestorTitles":["REITScreen"],"fullName":"REITScreen shows negative YTD return in red","status":"passed","title":"shows negative YTD return in red","duration":21.23160000000007,"failureMessages":[],"meta":{},"tags":[]}],"startTime":1785341229033,"endTime":1785341229363.2317,"status":"passed","message":"","name":"C:/Users/kevin/workspace/kyahoofinance032926/src/__tests__/realEstate/REITScreen.test.jsx"},{"assertionResults":[{"ancestorTitles":["WatchlistMarket"],"fullName":"WatchlistMarket renders empty state when no tickers","status":"passed","title":"renders empty state when no tickers","duration":225.01540000000023,"failureMessages":[],"meta":{},"tags":[]},{"ancestorTitles":["WatchlistMarket"],"fullName":"WatchlistMarket adds ticker when form is submitted","status":"passed","title":"adds ticker when form is submitted","duration":601.8311999999996,"failureMessages":[],"meta":{},"tags":[]},{"ancestorTitles":["WatchlistMarket"],"fullName":"WatchlistMarket renders tickers from localStorage","status":"passed","title":"renders tickers from localStorage","duration":50.71099999999933,"failureMessages":[],"meta":{},"tags":[]},{"ancestorTitles":["WatchlistMarket"],"fullName":"WatchlistMarket displays ticker data from API response","status":"passed","title":"displays ticker data from API response","duration":108.14909999999963,"failureMessages":[],"meta":{},"tags":[]},{"ancestorTitles":["WatchlistMarket"],"fullName":"WatchlistMarket shows price for tickers","status":"passed","title":"shows price for tickers","duration":40.96929999999975,"failureMessages":[],"meta":{},"tags":[]},{"ancestorTitles":["WatchlistMarket"],"fullName":"WatchlistMarket switches between tickers and metrics tabs","status":"passed","title":"switches between tickers and metrics tabs","duration":245.29669999999987,"failureMessages":[],"meta":{},"tags":[]},{"ancestorTitles":["WatchlistMarket"],"fullName":"WatchlistMarket limits ticker count to MAX_TICKERS (20)","status":"passed","title":"limits ticker count to MAX_TICKERS (20)","duration":167.79849999999988,"failureMessages":[],"meta":{},"tags":[]}],"startTime":1785341216942,"endTime":1785341218381.7986,"status":"passed","message":"","name":"C:/Users/kevin/workspace/kyahoofinance032926/src/__tests__/watchlist/WatchlistMarket.test.jsx"}]}
